The system is: Linux - 5.15.167.4-microsoft-standard-WSL2 - x86_64
Compiling the C compiler identification source file "CMakeCCompilerId.c" succeeded.
Compiler: /usr/bin/cc 
Build flags: 
Id flags:  

The output was:
0


Compilation of the C compiler identification source "CMakeCCompilerId.c" produced "a.out"

The C compiler identification is GNU, found in "/home/amine/build/bolt-fresh/CMakeFiles/3.22.1/CompilerIdC/a.out"

Compiling the CXX compiler identification source file "CMakeCXXCompilerId.cpp" succeeded.
Compiler: /usr/bin/c++ 
Build flags: 
Id flags:  

The output was:
0


Compilation of the CXX compiler identification source "CMakeCXXCompilerId.cpp" produced "a.out"

The CXX compiler identification is GNU, found in "/home/amine/build/bolt-fresh/CMakeFiles/3.22.1/CompilerIdCXX/a.out"

Checking whether the ASM compiler is GNU using "--version" matched "(GNU assembler)|(GCC)|(Free Software Foundation)":
cc (Ubuntu 11.4.0-1ubuntu1~22.04) 11.4.0
Copyright (C) 2021 Free Software Foundation, Inc.
This is free software; see the source for copying conditions.  There is NO
warranty; not even for MERCHANTABILITY or FITNESS FOR A PARTICULAR PURPOSE.

Detecting C compiler ABI info compiled with the following output:
Change Dir: /home/amine/build/bolt-fresh/CMakeFiles/CMakeTmp

Run Build Command(s):/usr/bin/ninja cmTC_738d3 && [1/2] Building C object CMakeFiles/cmTC_738d3.dir/CMakeCCompilerABI.c.o
Using built-in specs.
COLLECT_GCC=/usr/bin/cc
OFFLOAD_TARGET_NAMES=nvptx-none:amdgcn-amdhsa
OFFLOAD_TARGET_DEFAULT=1
Target: x86_64-linux-gnu
Configured with: ../src/configure -v --with-pkgversion='Ubuntu 11.4.0-1ubuntu1~22.04' --with-bugurl=file:///usr/share/doc/gcc-11/README.Bugs --enable-languages=c,ada,c++,go,brig,d,fortran,objc,obj-c++,m2 --prefix=/usr --with-gcc-major-version-only --program-suffix=-11 --program-prefix=x86_64-linux-gnu- --enable-shared --enable-linker-build-id --libexecdir=/usr/lib --without-included-gettext --enable-threads=posix --libdir=/usr/lib --enable-nls --enable-bootstrap --enable-clocale=gnu --enable-libstdcxx-debug --enable-libstdcxx-time=yes --with-default-libstdcxx-abi=new --enable-gnu-unique-object --disable-vtable-verify --enable-plugin --enable-default-pie --with-system-zlib --enable-libphobos-checking=release --with-target-system-zlib=auto --enable-objc-gc=auto --enable-multiarch --disable-werror --enable-cet --with-arch-32=i686 --with-abi=m64 --with-multilib-list=m32,m64,mx32 --enable-multilib --with-tune=generic --enable-offload-targets=nvptx-none=/build/gcc-11-XeT9lY/gcc-11-11.4.0/debian/tmp-nvptx/usr,amdgcn-amdhsa=/build/gcc-11-XeT9lY/gcc-11-11.4.0/debian/tmp-gcn/usr --without-cuda-driver --enable-checking=release --build=x86_64-linux-gnu --host=x86_64-linux-gnu --target=x86_64-linux-gnu --with-build-config=bootstrap-lto-lean --enable-link-serialization=2
Thread model: posix
Supported LTO compression algorithms: zlib zstd
gcc version 11.4.0 (Ubuntu 11.4.0-1ubuntu1~22.04) 
COLLECT_GCC_OPTIONS='-v' '-o' 'CMakeFiles/cmTC_738d3.dir/CMakeCCompilerABI.c.o' '-c' '-mtune=generic' '-march=x86-64' '-dumpdir' 'CMakeFiles/cmTC_738d3.dir/'
 /usr/lib/gcc/x86_64-linux-gnu/11/cc1 -quiet -v -imultiarch x86_64-linux-gnu /usr/share/cmake-3.22/Modules/CMakeCCompilerABI.c -quiet -dumpdir CMakeFiles/cmTC_738d3.dir/ -dumpbase CMakeCCompilerABI.c.c -dumpbase-ext .c -mtune=generic -march=x86-64 -version -fasynchronous-unwind-tables -fstack-protector-strong -Wformat -Wformat-security -fstack-clash-protection -fcf-protection -o /tmp/ccU38UmI.s
GNU C17 (Ubuntu 11.4.0-1ubuntu1~22.04) version 11.4.0 (x86_64-linux-gnu)
	compiled by GNU C version 11.4.0, GMP version 6.2.1, MPFR version 4.1.0, MPC version 1.2.1, isl version isl-0.24-GMP

GGC heuristics: --param ggc-min-expand=100 --param ggc-min-heapsize=131072
ignoring nonexistent directory "/usr/local/include/x86_64-linux-gnu"
ignoring nonexistent directory "/usr/lib/gcc/x86_64-linux-gnu/11/include-fixed"
ignoring nonexistent directory "/usr/lib/gcc/x86_64-linux-gnu/11/../../../../x86_64-linux-gnu/include"
#include "..." search starts here:
#include <...> search starts here:
 /usr/lib/gcc/x86_64-linux-gnu/11/include
 /usr/local/include
 /usr/include/x86_64-linux-gnu
 /usr/include
End of search list.
GNU C17 (Ubuntu 11.4.0-1ubuntu1~22.04) version 11.4.0 (x86_64-linux-gnu)
	compiled by GNU C version 11.4.0, GMP version 6.2.1, MPFR version 4.1.0, MPC version 1.2.1, isl version isl-0.24-GMP

GGC heuristics: --param ggc-min-expand=100 --param ggc-min-heapsize=131072
Compiler executable checksum: 50eaa2331df977b8016186198deb2d18
COLLECT_GCC_OPTIONS='-v' '-o' 'CMakeFiles/cmTC_738d3.dir/CMakeCCompilerABI.c.o' '-c' '-mtune=generic' '-march=x86-64' '-dumpdir' 'CMakeFiles/cmTC_738d3.dir/'
 as -v --64 -o CMakeFiles/cmTC_738d3.dir/CMakeCCompilerABI.c.o /tmp/ccU38UmI.s
GNU assembler version 2.38 (x86_64-linux-gnu) using BFD version (GNU Binutils for Ubuntu) 2.38
COMPILER_PATH=/usr/lib/gcc/x86_64-linux-gnu/11/:/usr/lib/gcc/x86_64-linux-gnu/11/:/usr/lib/gcc/x86_64-linux-gnu/:/usr/lib/gcc/x86_64-linux-gnu/11/:/usr/lib/gcc/x86_64-linux-gnu/
LIBRARY_PATH=/usr/lib/gcc/x86_64-linux-gnu/11/:/usr/lib/gcc/x86_64-linux-gnu/11/../../../x86_64-linux-gnu/:/usr/lib/gcc/x86_64-linux-gnu/11/../../../../lib/:/lib/x86_64-linux-gnu/:/lib/../lib/:/usr/lib/x86_64-linux-gnu/:/usr/lib/../lib/:/usr/lib/gcc/x86_64-linux-gnu/11/../../../:/lib/:/usr/lib/
COLLECT_GCC_OPTIONS='-v' '-o' 'CMakeFiles/cmTC_738d3.dir/CMakeCCompilerABI.c.o' '-c' '-mtune=generic' '-march=x86-64' '-dumpdir' 'CMakeFiles/cmTC_738d3.dir/CMakeCCompilerABI.c.'
[2/2] Linking C executable cmTC_738d3
Using built-in specs.
COLLECT_GCC=/usr/bin/cc
COLLECT_LTO_WRAPPER=/usr/lib/gcc/x86_64-linux-gnu/11/lto-wrapper
OFFLOAD_TARGET_NAMES=nvptx-none:amdgcn-amdhsa
OFFLOAD_TARGET_DEFAULT=1
Target: x86_64-linux-gnu
Configured with: ../src/configure -v --with-pkgversion='Ubuntu 11.4.0-1ubuntu1~22.04' --with-bugurl=file:///usr/share/doc/gcc-11/README.Bugs --enable-languages=c,ada,c++,go,brig,d,fortran,objc,obj-c++,m2 --prefix=/usr --with-gcc-major-version-only --program-suffix=-11 --program-prefix=x86_64-linux-gnu- --enable-shared --enable-linker-build-id --libexecdir=/usr/lib --without-included-gettext --enable-threads=posix --libdir=/usr/lib --enable-nls --enable-bootstrap --enable-clocale=gnu --enable-libstdcxx-debug --enable-libstdcxx-time=yes --with-default-libstdcxx-abi=new --enable-gnu-unique-object --disable-vtable-verify --enable-plugin --enable-default-pie --with-system-zlib --enable-libphobos-checking=release --with-target-system-zlib=auto --enable-objc-gc=auto --enable-multiarch --disable-werror --enable-cet --with-arch-32=i686 --with-abi=m64 --with-multilib-list=m32,m64,mx32 --enable-multilib --with-tune=generic --enable-offload-targets=nvptx-none=/build/gcc-11-XeT9lY/gcc-11-11.4.0/debian/tmp-nvptx/usr,amdgcn-amdhsa=/build/gcc-11-XeT9lY/gcc-11-11.4.0/debian/tmp-gcn/usr --without-cuda-driver --enable-checking=release --build=x86_64-linux-gnu --host=x86_64-linux-gnu --target=x86_64-linux-gnu --with-build-config=bootstrap-lto-lean --enable-link-serialization=2
Thread model: posix
Supported LTO compression algorithms: zlib zstd
gcc version 11.4.0 (Ubuntu 11.4.0-1ubuntu1~22.04) 
COMPILER_PATH=/usr/lib/gcc/x86_64-linux-gnu/11/:/usr/lib/gcc/x86_64-linux-gnu/11/:/usr/lib/gcc/x86_64-linux-gnu/:/usr/lib/gcc/x86_64-linux-gnu/11/:/usr/lib/gcc/x86_64-linux-gnu/
LIBRARY_PATH=/usr/lib/gcc/x86_64-linux-gnu/11/:/usr/lib/gcc/x86_64-linux-gnu/11/../../../x86_64-linux-gnu/:/usr/lib/gcc/x86_64-linux-gnu/11/../../../../lib/:/lib/x86_64-linux-gnu/:/lib/../lib/:/usr/lib/x86_64-linux-gnu/:/usr/lib/../lib/:/usr/lib/gcc/x86_64-linux-gnu/11/../../../:/lib/:/usr/lib/
COLLECT_GCC_OPTIONS='-v' '-o' 'cmTC_738d3' '-mtune=generic' '-march=x86-64' '-dumpdir' 'cmTC_738d3.'
 /usr/lib/gcc/x86_64-linux-gnu/11/collect2 -plugin /usr/lib/gcc/x86_64-linux-gnu/11/liblto_plugin.so -plugin-opt=/usr/lib/gcc/x86_64-linux-gnu/11/lto-wrapper -plugin-opt=-fresolution=/tmp/cc6Cnk9w.res -plugin-opt=-pass-through=-lgcc -plugin-opt=-pass-through=-lgcc_s -plugin-opt=-pass-through=-lc -plugin-opt=-pass-through=-lgcc -plugin-opt=-pass-through=-lgcc_s --build-id --eh-frame-hdr -m elf_x86_64 --hash-style=gnu --as-needed -dynamic-linker /lib64/ld-linux-x86-64.so.2 -pie -z now -z relro -o cmTC_738d3 /usr/lib/gcc/x86_64-linux-gnu/11/../../../x86_64-linux-gnu/Scrt1.o /usr/lib/gcc/x86_64-linux-gnu/11/../../../x86_64-linux-gnu/crti.o /usr/lib/gcc/x86_64-linux-gnu/11/crtbeginS.o -L/usr/lib/gcc/x86_64-linux-gnu/11 -L/usr/lib/gcc/x86_64-linux-gnu/11/../../../x86_64-linux-gnu -L/usr/lib/gcc/x86_64-linux-gnu/11/../../../../lib -L/lib/x86_64-linux-gnu -L/lib/../lib -L/usr/lib/x86_64-linux-gnu -L/usr/lib/../lib -L/usr/lib/gcc/x86_64-linux-gnu/11/../../.. CMakeFiles/cmTC_738d3.dir/CMakeCCompilerABI.c.o -lgcc --push-state --as-needed -lgcc_s --pop-state -lc -lgcc --push-state --as-needed -lgcc_s --pop-state /usr/lib/gcc/x86_64-linux-gnu/11/crtendS.o /usr/lib/gcc/x86_64-linux-gnu/11/../../../x86_64-linux-gnu/crtn.o
COLLECT_GCC_OPTIONS='-v' '-o' 'cmTC_738d3' '-mtune=generic' '-march=x86-64' '-dumpdir' 'cmTC_738d3.'



Parsed C implicit include dir info from above output: rv=done
  found start of include info
  found start of implicit include info
    add: [/usr/lib/gcc/x86_64-linux-gnu/11/include]
    add: [/usr/local/include]
    add: [/usr/include/x86_64-linux-gnu]
    add: [/usr/include]
  end of search list found
  collapse include dir [/usr/lib/gcc/x86_64-linux-gnu/11/include] ==> [/usr/lib/gcc/x86_64-linux-gnu/11/include]
  collapse include dir [/usr/local/include] ==> [/usr/local/include]
  collapse include dir [/usr/include/x86_64-linux-gnu] ==> [/usr/include/x86_64-linux-gnu]
  collapse include dir [/usr/include] ==> [/usr/include]
  implicit include dirs: [/usr/lib/gcc/x86_64-linux-gnu/11/include;/usr/local/include;/usr/include/x86_64-linux-gnu;/usr/include]


Parsed C implicit link information from above output:
  link line regex: [^( *|.*[/\])(ld|CMAKE_LINK_STARTFILE-NOTFOUND|([^/\]+-)?ld|collect2)[^/\]*( |$)]
  ignore line: [Change Dir: /home/amine/build/bolt-fresh/CMakeFiles/CMakeTmp]
  ignore line: []
  ignore line: [Run Build Command(s):/usr/bin/ninja cmTC_738d3 && [1/2] Building C object CMakeFiles/cmTC_738d3.dir/CMakeCCompilerABI.c.o]
  ignore line: [Using built-in specs.]
  ignore line: [COLLECT_GCC=/usr/bin/cc]
  ignore line: [OFFLOAD_TARGET_NAMES=nvptx-none:amdgcn-amdhsa]
  ignore line: [OFFLOAD_TARGET_DEFAULT=1]
  ignore line: [Target: x86_64-linux-gnu]
  ignore line: [Configured with: ../src/configure -v --with-pkgversion='Ubuntu 11.4.0-1ubuntu1~22.04' --with-bugurl=file:///usr/share/doc/gcc-11/README.Bugs --enable-languages=c ada c++ go brig d fortran objc obj-c++ m2 --prefix=/usr --with-gcc-major-version-only --program-suffix=-11 --program-prefix=x86_64-linux-gnu- --enable-shared --enable-linker-build-id --libexecdir=/usr/lib --without-included-gettext --enable-threads=posix --libdir=/usr/lib --enable-nls --enable-bootstrap --enable-clocale=gnu --enable-libstdcxx-debug --enable-libstdcxx-time=yes --with-default-libstdcxx-abi=new --enable-gnu-unique-object --disable-vtable-verify --enable-plugin --enable-default-pie --with-system-zlib --enable-libphobos-checking=release --with-target-system-zlib=auto --enable-objc-gc=auto --enable-multiarch --disable-werror --enable-cet --with-arch-32=i686 --with-abi=m64 --with-multilib-list=m32 m64 mx32 --enable-multilib --with-tune=generic --enable-offload-targets=nvptx-none=/build/gcc-11-XeT9lY/gcc-11-11.4.0/debian/tmp-nvptx/usr amdgcn-amdhsa=/build/gcc-11-XeT9lY/gcc-11-11.4.0/debian/tmp-gcn/usr --without-cuda-driver --enable-checking=release --build=x86_64-linux-gnu --host=x86_64-linux-gnu --target=x86_64-linux-gnu --with-build-config=bootstrap-lto-lean --enable-link-serialization=2]
  ignore line: [Thread model: posix]
  ignore line: [Supported LTO compression algorithms: zlib zstd]
  ignore line: [gcc version 11.4.0 (Ubuntu 11.4.0-1ubuntu1~22.04) ]
  ignore line: [COLLECT_GCC_OPTIONS='-v' '-o' 'CMakeFiles/cmTC_738d3.dir/CMakeCCompilerABI.c.o' '-c' '-mtune=generic' '-march=x86-64' '-dumpdir' 'CMakeFiles/cmTC_738d3.dir/']
  ignore line: [ /usr/lib/gcc/x86_64-linux-gnu/11/cc1 -quiet -v -imultiarch x86_64-linux-gnu /usr/share/cmake-3.22/Modules/CMakeCCompilerABI.c -quiet -dumpdir CMakeFiles/cmTC_738d3.dir/ -dumpbase CMakeCCompilerABI.c.c -dumpbase-ext .c -mtune=generic -march=x86-64 -version -fasynchronous-unwind-tables -fstack-protector-strong -Wformat -Wformat-security -fstack-clash-protection -fcf-protection -o /tmp/ccU38UmI.s]
  ignore line: [GNU C17 (Ubuntu 11.4.0-1ubuntu1~22.04) version 11.4.0 (x86_64-linux-gnu)]
  ignore line: [	compiled by GNU C version 11.4.0  GMP version 6.2.1  MPFR version 4.1.0  MPC version 1.2.1  isl version isl-0.24-GMP]
  ignore line: []
  ignore line: [GGC heuristics: --param ggc-min-expand=100 --param ggc-min-heapsize=131072]
  ignore line: [ignoring nonexistent directory "/usr/local/include/x86_64-linux-gnu"]
  ignore line: [ignoring nonexistent directory "/usr/lib/gcc/x86_64-linux-gnu/11/include-fixed"]
  ignore line: [ignoring nonexistent directory "/usr/lib/gcc/x86_64-linux-gnu/11/../../../../x86_64-linux-gnu/include"]
  ignore line: [#include "..." search starts here:]
  ignore line: [#include <...> search starts here:]
  ignore line: [ /usr/lib/gcc/x86_64-linux-gnu/11/include]
  ignore line: [ /usr/local/include]
  ignore line: [ /usr/include/x86_64-linux-gnu]
  ignore line: [ /usr/include]
  ignore line: [End of search list.]
  ignore line: [GNU C17 (Ubuntu 11.4.0-1ubuntu1~22.04) version 11.4.0 (x86_64-linux-gnu)]
  ignore line: [	compiled by GNU C version 11.4.0  GMP version 6.2.1  MPFR version 4.1.0  MPC version 1.2.1  isl version isl-0.24-GMP]
  ignore line: []
  ignore line: [GGC heuristics: --param ggc-min-expand=100 --param ggc-min-heapsize=131072]
  ignore line: [Compiler executable checksum: 50eaa2331df977b8016186198deb2d18]
  ignore line: [COLLECT_GCC_OPTIONS='-v' '-o' 'CMakeFiles/cmTC_738d3.dir/CMakeCCompilerABI.c.o' '-c' '-mtune=generic' '-march=x86-64' '-dumpdir' 'CMakeFiles/cmTC_738d3.dir/']
  ignore line: [ as -v --64 -o CMakeFiles/cmTC_738d3.dir/CMakeCCompilerABI.c.o /tmp/ccU38UmI.s]
  ignore line: [GNU assembler version 2.38 (x86_64-linux-gnu) using BFD version (GNU Binutils for Ubuntu) 2.38]
  ignore line: [COMPILER_PATH=/usr/lib/gcc/x86_64-linux-gnu/11/:/usr/lib/gcc/x86_64-linux-gnu/11/:/usr/lib/gcc/x86_64-linux-gnu/:/usr/lib/gcc/x86_64-linux-gnu/11/:/usr/lib/gcc/x86_64-linux-gnu/]
  ignore line: [LIBRARY_PATH=/usr/lib/gcc/x86_64-linux-gnu/11/:/usr/lib/gcc/x86_64-linux-gnu/11/../../../x86_64-linux-gnu/:/usr/lib/gcc/x86_64-linux-gnu/11/../../../../lib/:/lib/x86_64-linux-gnu/:/lib/../lib/:/usr/lib/x86_64-linux-gnu/:/usr/lib/../lib/:/usr/lib/gcc/x86_64-linux-gnu/11/../../../:/lib/:/usr/lib/]
  ignore line: [COLLECT_GCC_OPTIONS='-v' '-o' 'CMakeFiles/cmTC_738d3.dir/CMakeCCompilerABI.c.o' '-c' '-mtune=generic' '-march=x86-64' '-dumpdir' 'CMakeFiles/cmTC_738d3.dir/CMakeCCompilerABI.c.']
  ignore line: [[2/2] Linking C executable cmTC_738d3]
  ignore line: [Using built-in specs.]
  ignore line: [COLLECT_GCC=/usr/bin/cc]
  ignore line: [COLLECT_LTO_WRAPPER=/usr/lib/gcc/x86_64-linux-gnu/11/lto-wrapper]
  ignore line: [OFFLOAD_TARGET_NAMES=nvptx-none:amdgcn-amdhsa]
  ignore line: [OFFLOAD_TARGET_DEFAULT=1]
  ignore line: [Target: x86_64-linux-gnu]
  ignore line: [Configured with: ../src/configure -v --with-pkgversion='Ubuntu 11.4.0-1ubuntu1~22.04' --with-bugurl=file:///usr/share/doc/gcc-11/README.Bugs --enable-languages=c ada c++ go brig d fortran objc obj-c++ m2 --prefix=/usr --with-gcc-major-version-only --program-suffix=-11 --program-prefix=x86_64-linux-gnu- --enable-shared --enable-linker-build-id --libexecdir=/usr/lib --without-included-gettext --enable-threads=posix --libdir=/usr/lib --enable-nls --enable-bootstrap --enable-clocale=gnu --enable-libstdcxx-debug --enable-libstdcxx-time=yes --with-default-libstdcxx-abi=new --enable-gnu-unique-object --disable-vtable-verify --enable-plugin --enable-default-pie --with-system-zlib --enable-libphobos-checking=release --with-target-system-zlib=auto --enable-objc-gc=auto --enable-multiarch --disable-werror --enable-cet --with-arch-32=i686 --with-abi=m64 --with-multilib-list=m32 m64 mx32 --enable-multilib --with-tune=generic --enable-offload-targets=nvptx-none=/build/gcc-11-XeT9lY/gcc-11-11.4.0/debian/tmp-nvptx/usr amdgcn-amdhsa=/build/gcc-11-XeT9lY/gcc-11-11.4.0/debian/tmp-gcn/usr --without-cuda-driver --enable-checking=release --build=x86_64-linux-gnu --host=x86_64-linux-gnu --target=x86_64-linux-gnu --with-build-config=bootstrap-lto-lean --enable-link-serialization=2]
  ignore line: [Thread model: posix]
  ignore line: [Supported LTO compression algorithms: zlib zstd]
  ignore line: [gcc version 11.4.0 (Ubuntu 11.4.0-1ubuntu1~22.04) ]
  ignore line: [COMPILER_PATH=/usr/lib/gcc/x86_64-linux-gnu/11/:/usr/lib/gcc/x86_64-linux-gnu/11/:/usr/lib/gcc/x86_64-linux-gnu/:/usr/lib/gcc/x86_64-linux-gnu/11/:/usr/lib/gcc/x86_64-linux-gnu/]
  ignore line: [LIBRARY_PATH=/usr/lib/gcc/x86_64-linux-gnu/11/:/usr/lib/gcc/x86_64-linux-gnu/11/../../../x86_64-linux-gnu/:/usr/lib/gcc/x86_64-linux-gnu/11/../../../../lib/:/lib/x86_64-linux-gnu/:/lib/../lib/:/usr/lib/x86_64-linux-gnu/:/usr/lib/../lib/:/usr/lib/gcc/x86_64-linux-gnu/11/../../../:/lib/:/usr/lib/]
  ignore line: [COLLECT_GCC_OPTIONS='-v' '-o' 'cmTC_738d3' '-mtune=generic' '-march=x86-64' '-dumpdir' 'cmTC_738d3.']
  link line: [ /usr/lib/gcc/x86_64-linux-gnu/11/collect2 -plugin /usr/lib/gcc/x86_64-linux-gnu/11/liblto_plugin.so -plugin-opt=/usr/lib/gcc/x86_64-linux-gnu/11/lto-wrapper -plugin-opt=-fresolution=/tmp/cc6Cnk9w.res -plugin-opt=-pass-through=-lgcc -plugin-opt=-pass-through=-lgcc_s -plugin-opt=-pass-through=-lc -plugin-opt=-pass-through=-lgcc -plugin-opt=-pass-through=-lgcc_s --build-id --eh-frame-hdr -m elf_x86_64 --hash-style=gnu --as-needed -dynamic-linker /lib64/ld-linux-x86-64.so.2 -pie -z now -z relro -o cmTC_738d3 /usr/lib/gcc/x86_64-linux-gnu/11/../../../x86_64-linux-gnu/Scrt1.o /usr/lib/gcc/x86_64-linux-gnu/11/../../../x86_64-linux-gnu/crti.o /usr/lib/gcc/x86_64-linux-gnu/11/crtbeginS.o -L/usr/lib/gcc/x86_64-linux-gnu/11 -L/usr/lib/gcc/x86_64-linux-gnu/11/../../../x86_64-linux-gnu -L/usr/lib/gcc/x86_64-linux-gnu/11/../../../../lib -L/lib/x86_64-linux-gnu -L/lib/../lib -L/usr/lib/x86_64-linux-gnu -L/usr/lib/../lib -L/usr/lib/gcc/x86_64-linux-gnu/11/../../.. CMakeFiles/cmTC_738d3.dir/CMakeCCompilerABI.c.o -lgcc --push-state --as-needed -lgcc_s --pop-state -lc -lgcc --push-state --as-needed -lgcc_s --pop-state /usr/lib/gcc/x86_64-linux-gnu/11/crtendS.o /usr/lib/gcc/x86_64-linux-gnu/11/../../../x86_64-linux-gnu/crtn.o]
    arg [/usr/lib/gcc/x86_64-linux-gnu/11/collect2] ==> ignore
    arg [-plugin] ==> ignore
    arg [/usr/lib/gcc/x86_64-linux-gnu/11/liblto_plugin.so] ==> ignore
    arg [-plugin-opt=/usr/lib/gcc/x86_64-linux-gnu/11/lto-wrapper] ==> ignore
    arg [-plugin-opt=-fresolution=/tmp/cc6Cnk9w.res] ==> ignore
    arg [-plugin-opt=-pass-through=-lgcc] ==> ignore
    arg [-plugin-opt=-pass-through=-lgcc_s] ==> ignore
    arg [-plugin-opt=-pass-through=-lc] ==> ignore
    arg [-plugin-opt=-pass-through=-lgcc] ==> ignore
    arg [-plugin-opt=-pass-through=-lgcc_s] ==> ignore
    arg [--build-id] ==> ignore
    arg [--eh-frame-hdr] ==> ignore
    arg [-m] ==> ignore
    arg [elf_x86_64] ==> ignore
    arg [--hash-style=gnu] ==> ignore
    arg [--as-needed] ==> ignore
    arg [-dynamic-linker] ==> ignore
    arg [/lib64/ld-linux-x86-64.so.2] ==> ignore
    arg [-pie] ==> ignore
    arg [-znow] ==> ignore
    arg [-zrelro] ==> ignore
    arg [-o] ==> ignore
    arg [cmTC_738d3] ==> ignore
    arg [/usr/lib/gcc/x86_64-linux-gnu/11/../../../x86_64-linux-gnu/Scrt1.o] ==> obj [/usr/lib/gcc/x86_64-linux-gnu/11/../../../x86_64-linux-gnu/Scrt1.o]
    arg [/usr/lib/gcc/x86_64-linux-gnu/11/../../../x86_64-linux-gnu/crti.o] ==> obj [/usr/lib/gcc/x86_64-linux-gnu/11/../../../x86_64-linux-gnu/crti.o]
    arg [/usr/lib/gcc/x86_64-linux-gnu/11/crtbeginS.o] ==> obj [/usr/lib/gcc/x86_64-linux-gnu/11/crtbeginS.o]
    arg [-L/usr/lib/gcc/x86_64-linux-gnu/11] ==> dir [/usr/lib/gcc/x86_64-linux-gnu/11]
    arg [-L/usr/lib/gcc/x86_64-linux-gnu/11/../../../x86_64-linux-gnu] ==> dir [/usr/lib/gcc/x86_64-linux-gnu/11/../../../x86_64-linux-gnu]
    arg [-L/usr/lib/gcc/x86_64-linux-gnu/11/../../../../lib] ==> dir [/usr/lib/gcc/x86_64-linux-gnu/11/../../../../lib]
    arg [-L/lib/x86_64-linux-gnu] ==> dir [/lib/x86_64-linux-gnu]
    arg [-L/lib/../lib] ==> dir [/lib/../lib]
    arg [-L/usr/lib/x86_64-linux-gnu] ==> dir [/usr/lib/x86_64-linux-gnu]
    arg [-L/usr/lib/../lib] ==> dir [/usr/lib/../lib]
    arg [-L/usr/lib/gcc/x86_64-linux-gnu/11/../../..] ==> dir [/usr/lib/gcc/x86_64-linux-gnu/11/../../..]
    arg [CMakeFiles/cmTC_738d3.dir/CMakeCCompilerABI.c.o] ==> ignore
    arg [-lgcc] ==> lib [gcc]
    arg [--push-state] ==> ignore
    arg [--as-needed] ==> ignore
    arg [-lgcc_s] ==> lib [gcc_s]
    arg [--pop-state] ==> ignore
    arg [-lc] ==> lib [c]
    arg [-lgcc] ==> lib [gcc]
    arg [--push-state] ==> ignore
    arg [--as-needed] ==> ignore
    arg [-lgcc_s] ==> lib [gcc_s]
    arg [--pop-state] ==> ignore
    arg [/usr/lib/gcc/x86_64-linux-gnu/11/crtendS.o] ==> obj [/usr/lib/gcc/x86_64-linux-gnu/11/crtendS.o]
    arg [/usr/lib/gcc/x86_64-linux-gnu/11/../../../x86_64-linux-gnu/crtn.o] ==> obj [/usr/lib/gcc/x86_64-linux-gnu/11/../../../x86_64-linux-gnu/crtn.o]
  collapse obj [/usr/lib/gcc/x86_64-linux-gnu/11/../../../x86_64-linux-gnu/Scrt1.o] ==> [/usr/lib/x86_64-linux-gnu/Scrt1.o]
  collapse obj [/usr/lib/gcc/x86_64-linux-gnu/11/../../../x86_64-linux-gnu/crti.o] ==> [/usr/lib/x86_64-linux-gnu/crti.o]
  collapse obj [/usr/lib/gcc/x86_64-linux-gnu/11/../../../x86_64-linux-gnu/crtn.o] ==> [/usr/lib/x86_64-linux-gnu/crtn.o]
  collapse library dir [/usr/lib/gcc/x86_64-linux-gnu/11] ==> [/usr/lib/gcc/x86_64-linux-gnu/11]
  collapse library dir [/usr/lib/gcc/x86_64-linux-gnu/11/../../../x86_64-linux-gnu] ==> [/usr/lib/x86_64-linux-gnu]
  collapse library dir [/usr/lib/gcc/x86_64-linux-gnu/11/../../../../lib] ==> [/usr/lib]
  collapse library dir [/lib/x86_64-linux-gnu] ==> [/lib/x86_64-linux-gnu]
  collapse library dir [/lib/../lib] ==> [/lib]
  collapse library dir [/usr/lib/x86_64-linux-gnu] ==> [/usr/lib/x86_64-linux-gnu]
  collapse library dir [/usr/lib/../lib] ==> [/usr/lib]
  collapse library dir [/usr/lib/gcc/x86_64-linux-gnu/11/../../..] ==> [/usr/lib]
  implicit libs: [gcc;gcc_s;c;gcc;gcc_s]
  implicit objs: [/usr/lib/x86_64-linux-gnu/Scrt1.o;/usr/lib/x86_64-linux-gnu/crti.o;/usr/lib/gcc/x86_64-linux-gnu/11/crtbeginS.o;/usr/lib/gcc/x86_64-linux-gnu/11/crtendS.o;/usr/lib/x86_64-linux-gnu/crtn.o]
  implicit dirs: [/usr/lib/gcc/x86_64-linux-gnu/11;/usr/lib/x86_64-linux-gnu;/usr/lib;/lib/x86_64-linux-gnu;/lib]
  implicit fwks: []


Detecting CXX compiler ABI info compiled with the following output:
Change Dir: /home/amine/build/bolt-fresh/CMakeFiles/CMakeTmp

Run Build Command(s):/usr/bin/ninja cmTC_b37b5 && [1/2] Building CXX object CMakeFiles/cmTC_b37b5.dir/CMakeCXXCompilerABI.cpp.o
Using built-in specs.
COLLECT_GCC=/usr/bin/c++
OFFLOAD_TARGET_NAMES=nvptx-none:amdgcn-amdhsa
OFFLOAD_TARGET_DEFAULT=1
Target: x86_64-linux-gnu
Configured with: ../src/configure -v --with-pkgversion='Ubuntu 11.4.0-1ubuntu1~22.04' --with-bugurl=file:///usr/share/doc/gcc-11/README.Bugs --enable-languages=c,ada,c++,go,brig,d,fortran,objc,obj-c++,m2 --prefix=/usr --with-gcc-major-version-only --program-suffix=-11 --program-prefix=x86_64-linux-gnu- --enable-shared --enable-linker-build-id --libexecdir=/usr/lib --without-included-gettext --enable-threads=posix --libdir=/usr/lib --enable-nls --enable-bootstrap --enable-clocale=gnu --enable-libstdcxx-debug --enable-libstdcxx-time=yes --with-default-libstdcxx-abi=new --enable-gnu-unique-object --disable-vtable-verify --enable-plugin --enable-default-pie --with-system-zlib --enable-libphobos-checking=release --with-target-system-zlib=auto --enable-objc-gc=auto --enable-multiarch --disable-werror --enable-cet --with-arch-32=i686 --with-abi=m64 --with-multilib-list=m32,m64,mx32 --enable-multilib --with-tune=generic --enable-offload-targets=nvptx-none=/build/gcc-11-XeT9lY/gcc-11-11.4.0/debian/tmp-nvptx/usr,amdgcn-amdhsa=/build/gcc-11-XeT9lY/gcc-11-11.4.0/debian/tmp-gcn/usr --without-cuda-driver --enable-checking=release --build=x86_64-linux-gnu --host=x86_64-linux-gnu --target=x86_64-linux-gnu --with-build-config=bootstrap-lto-lean --enable-link-serialization=2
Thread model: posix
Supported LTO compression algorithms: zlib zstd
gcc version 11.4.0 (Ubuntu 11.4.0-1ubuntu1~22.04) 
COLLECT_GCC_OPTIONS='-v' '-o' 'CMakeFiles/cmTC_b37b5.dir/CMakeCXXCompilerABI.cpp.o' '-c' '-shared-libgcc' '-mtune=generic' '-march=x86-64' '-dumpdir' 'CMakeFiles/cmTC_b37b5.dir/'
 /usr/lib/gcc/x86_64-linux-gnu/11/cc1plus -quiet -v -imultiarch x86_64-linux-gnu -D_GNU_SOURCE /usr/share/cmake-3.22/Modules/CMakeCXXCompilerABI.cpp -quiet -dumpdir CMakeFiles/cmTC_b37b5.dir/ -dumpbase CMakeCXXCompilerABI.cpp.cpp -dumpbase-ext .cpp -mtune=generic -march=x86-64 -version -fasynchronous-unwind-tables -fstack-protector-strong -Wformat -Wformat-security -fstack-clash-protection -fcf-protection -o /tmp/ccSu7gJB.s
GNU C++17 (Ubuntu 11.4.0-1ubuntu1~22.04) version 11.4.0 (x86_64-linux-gnu)
	compiled by GNU C version 11.4.0, GMP version 6.2.1, MPFR version 4.1.0, MPC version 1.2.1, isl version isl-0.24-GMP

GGC heuristics: --param ggc-min-expand=100 --param ggc-min-heapsize=131072
ignoring duplicate directory "/usr/include/x86_64-linux-gnu/c++/11"
ignoring nonexistent directory "/usr/local/include/x86_64-linux-gnu"
ignoring nonexistent directory "/usr/lib/gcc/x86_64-linux-gnu/11/include-fixed"
ignoring nonexistent directory "/usr/lib/gcc/x86_64-linux-gnu/11/../../../../x86_64-linux-gnu/include"
#include "..." search starts here:
#include <...> search starts here:
 .
 /home/amine/build/build-bolt19/lib/Target/RISCV
 /usr/include/c++/11
 /usr/include/x86_64-linux-gnu/c++/11
 /usr/include/c++/11/backward
 /usr/lib/gcc/x86_64-linux-gnu/11/include
 /usr/local/include
 /usr/include/x86_64-linux-gnu
 /usr/include
End of search list.
GNU C++17 (Ubuntu 11.4.0-1ubuntu1~22.04) version 11.4.0 (x86_64-linux-gnu)
	compiled by GNU C version 11.4.0, GMP version 6.2.1, MPFR version 4.1.0, MPC version 1.2.1, isl version isl-0.24-GMP

GGC heuristics: --param ggc-min-expand=100 --param ggc-min-heapsize=131072
Compiler executable checksum: d591828bb4d392ae8b7b160e5bb0b95f
COLLECT_GCC_OPTIONS='-v' '-o' 'CMakeFiles/cmTC_b37b5.dir/CMakeCXXCompilerABI.cpp.o' '-c' '-shared-libgcc' '-mtune=generic' '-march=x86-64' '-dumpdir' 'CMakeFiles/cmTC_b37b5.dir/'
 as -v --64 -o CMakeFiles/cmTC_b37b5.dir/CMakeCXXCompilerABI.cpp.o /tmp/ccSu7gJB.s
GNU assembler version 2.38 (x86_64-linux-gnu) using BFD version (GNU Binutils for Ubuntu) 2.38
COMPILER_PATH=/usr/lib/gcc/x86_64-linux-gnu/11/:/usr/lib/gcc/x86_64-linux-gnu/11/:/usr/lib/gcc/x86_64-linux-gnu/:/usr/lib/gcc/x86_64-linux-gnu/11/:/usr/lib/gcc/x86_64-linux-gnu/
LIBRARY_PATH=/usr/lib/gcc/x86_64-linux-gnu/11/:/usr/lib/gcc/x86_64-linux-gnu/11/../../../x86_64-linux-gnu/:/usr/lib/gcc/x86_64-linux-gnu/11/../../../../lib/:/lib/x86_64-linux-gnu/:/lib/../lib/:/usr/lib/x86_64-linux-gnu/:/usr/lib/../lib/:/usr/lib/gcc/x86_64-linux-gnu/11/../../../:/lib/:/usr/lib/
COLLECT_GCC_OPTIONS='-v' '-o' 'CMakeFiles/cmTC_b37b5.dir/CMakeCXXCompilerABI.cpp.o' '-c' '-shared-libgcc' '-mtune=generic' '-march=x86-64' '-dumpdir' 'CMakeFiles/cmTC_b37b5.dir/CMakeCXXCompilerABI.cpp.'
[2/2] Linking CXX executable cmTC_b37b5
Using built-in specs.
COLLECT_GCC=/usr/bin/c++
COLLECT_LTO_WRAPPER=/usr/lib/gcc/x86_64-linux-gnu/11/lto-wrapper
OFFLOAD_TARGET_NAMES=nvptx-none:amdgcn-amdhsa
OFFLOAD_TARGET_DEFAULT=1
Target: x86_64-linux-gnu
Configured with: ../src/configure -v --with-pkgversion='Ubuntu 11.4.0-1ubuntu1~22.04' --with-bugurl=file:///usr/share/doc/gcc-11/README.Bugs --enable-languages=c,ada,c++,go,brig,d,fortran,objc,obj-c++,m2 --prefix=/usr --with-gcc-major-version-only --program-suffix=-11 --program-prefix=x86_64-linux-gnu- --enable-shared --enable-linker-build-id --libexecdir=/usr/lib --without-included-gettext --enable-threads=posix --libdir=/usr/lib --enable-nls --enable-bootstrap --enable-clocale=gnu --enable-libstdcxx-debug --enable-libstdcxx-time=yes --with-default-libstdcxx-abi=new --enable-gnu-unique-object --disable-vtable-verify --enable-plugin --enable-default-pie --with-system-zlib --enable-libphobos-checking=release --with-target-system-zlib=auto --enable-objc-gc=auto --enable-multiarch --disable-werror --enable-cet --with-arch-32=i686 --with-abi=m64 --with-multilib-list=m32,m64,mx32 --enable-multilib --with-tune=generic --enable-offload-targets=nvptx-none=/build/gcc-11-XeT9lY/gcc-11-11.4.0/debian/tmp-nvptx/usr,amdgcn-amdhsa=/build/gcc-11-XeT9lY/gcc-11-11.4.0/debian/tmp-gcn/usr --without-cuda-driver --enable-checking=release --build=x86_64-linux-gnu --host=x86_64-linux-gnu --target=x86_64-linux-gnu --with-build-config=bootstrap-lto-lean --enable-link-serialization=2
Thread model: posix
Supported LTO compression algorithms: zlib zstd
gcc version 11.4.0 (Ubuntu 11.4.0-1ubuntu1~22.04) 
COMPILER_PATH=/usr/lib/gcc/x86_64-linux-gnu/11/:/usr/lib/gcc/x86_64-linux-gnu/11/:/usr/lib/gcc/x86_64-linux-gnu/:/usr/lib/gcc/x86_64-linux-gnu/11/:/usr/lib/gcc/x86_64-linux-gnu/
LIBRARY_PATH=/usr/lib/gcc/x86_64-linux-gnu/11/:/usr/lib/gcc/x86_64-linux-gnu/11/../../../x86_64-linux-gnu/:/usr/lib/gcc/x86_64-linux-gnu/11/../../../../lib/:/lib/x86_64-linux-gnu/:/lib/../lib/:/usr/lib/x86_64-linux-gnu/:/usr/lib/../lib/:/usr/lib/gcc/x86_64-linux-gnu/11/../../../:/lib/:/usr/lib/
COLLECT_GCC_OPTIONS='-v' '-o' 'cmTC_b37b5' '-shared-libgcc' '-mtune=generic' '-march=x86-64' '-dumpdir' 'cmTC_b37b5.'
 /usr/lib/gcc/x86_64-linux-gnu/11/collect2 -plugin /usr/lib/gcc/x86_64-linux-gnu/11/liblto_plugin.so -plugin-opt=/usr/lib/gcc/x86_64-linux-gnu/11/lto-wrapper -plugin-opt=-fresolution=/tmp/ccchvTLl.res -plugin-opt=-pass-through=-lgcc_s -plugin-opt=-pass-through=-lgcc -plugin-opt=-pass-through=-lc -plugin-opt=-pass-through=-lgcc_s -plugin-opt=-pass-through=-lgcc --build-id --eh-frame-hdr -m elf_x86_64 --hash-style=gnu --as-needed -dynamic-linker /lib64/ld-linux-x86-64.so.2 -pie -z now -z relro -o cmTC_b37b5 /usr/lib/gcc/x86_64-linux-gnu/11/../../../x86_64-linux-gnu/Scrt1.o /usr/lib/gcc/x86_64-linux-gnu/11/../../../x86_64-linux-gnu/crti.o /usr/lib/gcc/x86_64-linux-gnu/11/crtbeginS.o -L/usr/lib/gcc/x86_64-linux-gnu/11 -L/usr/lib/gcc/x86_64-linux-gnu/11/../../../x86_64-linux-gnu -L/usr/lib/gcc/x86_64-linux-gnu/11/../../../../lib -L/lib/x86_64-linux-gnu -L/lib/../lib -L/usr/lib/x86_64-linux-gnu -L/usr/lib/../lib -L/usr/lib/gcc/x86_64-linux-gnu/11/../../.. CMakeFiles/cmTC_b37b5.dir/CMakeCXXCompilerABI.cpp.o -lstdc++ -lm -lgcc_s -lgcc -lc -lgcc_s -lgcc /usr/lib/gcc/x86_64-linux-gnu/11/crtendS.o /usr/lib/gcc/x86_64-linux-gnu/11/../../../x86_64-linux-gnu/crtn.o
COLLECT_GCC_OPTIONS='-v' '-o' 'cmTC_b37b5' '-shared-libgcc' '-mtune=generic' '-march=x86-64' '-dumpdir' 'cmTC_b37b5.'



Parsed CXX implicit include dir info from above output: rv=done
  found start of include info
  found start of implicit include info
    add: [.]
    add: [/home/amine/build/build-bolt19/lib/Target/RISCV]
    add: [/usr/include/c++/11]
    add: [/usr/include/x86_64-linux-gnu/c++/11]
    add: [/usr/include/c++/11/backward]
    add: [/usr/lib/gcc/x86_64-linux-gnu/11/include]
    add: [/usr/local/include]
    add: [/usr/include/x86_64-linux-gnu]
    add: [/usr/include]
  end of search list found
  skipping relative include dir [.]
  collapse include dir [/home/amine/build/build-bolt19/lib/Target/RISCV] ==> [/home/amine/build/build-bolt19/lib/Target/RISCV]
  collapse include dir [/usr/include/c++/11] ==> [/usr/include/c++/11]
  collapse include dir [/usr/include/x86_64-linux-gnu/c++/11] ==> [/usr/include/x86_64-linux-gnu/c++/11]
  collapse include dir [/usr/include/c++/11/backward] ==> [/usr/include/c++/11/backward]
  collapse include dir [/usr/lib/gcc/x86_64-linux-gnu/11/include] ==> [/usr/lib/gcc/x86_64-linux-gnu/11/include]
  collapse include dir [/usr/local/include] ==> [/usr/local/include]
  collapse include dir [/usr/include/x86_64-linux-gnu] ==> [/usr/include/x86_64-linux-gnu]
  collapse include dir [/usr/include] ==> [/usr/include]
  implicit include dirs: [/home/amine/build/build-bolt19/lib/Target/RISCV;/usr/include/c++/11;/usr/include/x86_64-linux-gnu/c++/11;/usr/include/c++/11/backward;/usr/lib/gcc/x86_64-linux-gnu/11/include;/usr/local/include;/usr/include/x86_64-linux-gnu;/usr/include]


Parsed CXX implicit link information from above output:
  link line regex: [^( *|.*[/\])(ld|CMAKE_LINK_STARTFILE-NOTFOUND|([^/\]+-)?ld|collect2)[^/\]*( |$)]
  ignore line: [Change Dir: /home/amine/build/bolt-fresh/CMakeFiles/CMakeTmp]
  ignore line: []
  ignore line: [Run Build Command(s):/usr/bin/ninja cmTC_b37b5 && [1/2] Building CXX object CMakeFiles/cmTC_b37b5.dir/CMakeCXXCompilerABI.cpp.o]
  ignore line: [Using built-in specs.]
  ignore line: [COLLECT_GCC=/usr/bin/c++]
  ignore line: [OFFLOAD_TARGET_NAMES=nvptx-none:amdgcn-amdhsa]
  ignore line: [OFFLOAD_TARGET_DEFAULT=1]
  ignore line: [Target: x86_64-linux-gnu]
  ignore line: [Configured with: ../src/configure -v --with-pkgversion='Ubuntu 11.4.0-1ubuntu1~22.04' --with-bugurl=file:///usr/share/doc/gcc-11/README.Bugs --enable-languages=c ada c++ go brig d fortran objc obj-c++ m2 --prefix=/usr --with-gcc-major-version-only --program-suffix=-11 --program-prefix=x86_64-linux-gnu- --enable-shared --enable-linker-build-id --libexecdir=/usr/lib --without-included-gettext --enable-threads=posix --libdir=/usr/lib --enable-nls --enable-bootstrap --enable-clocale=gnu --enable-libstdcxx-debug --enable-libstdcxx-time=yes --with-default-libstdcxx-abi=new --enable-gnu-unique-object --disable-vtable-verify --enable-plugin --enable-default-pie --with-system-zlib --enable-libphobos-checking=release --with-target-system-zlib=auto --enable-objc-gc=auto --enable-multiarch --disable-werror --enable-cet --with-arch-32=i686 --with-abi=m64 --with-multilib-list=m32 m64 mx32 --enable-multilib --with-tune=generic --enable-offload-targets=nvptx-none=/build/gcc-11-XeT9lY/gcc-11-11.4.0/debian/tmp-nvptx/usr amdgcn-amdhsa=/build/gcc-11-XeT9lY/gcc-11-11.4.0/debian/tmp-gcn/usr --without-cuda-driver --enable-checking=release --build=x86_64-linux-gnu --host=x86_64-linux-gnu --target=x86_64-linux-gnu --with-build-config=bootstrap-lto-lean --enable-link-serialization=2]
  ignore line: [Thread model: posix]
  ignore line: [Supported LTO compression algorithms: zlib zstd]
  ignore line: [gcc version 11.4.0 (Ubuntu 11.4.0-1ubuntu1~22.04) ]
  ignore line: [COLLECT_GCC_OPTIONS='-v' '-o' 'CMakeFiles/cmTC_b37b5.dir/CMakeCXXCompilerABI.cpp.o' '-c' '-shared-libgcc' '-mtune=generic' '-march=x86-64' '-dumpdir' 'CMakeFiles/cmTC_b37b5.dir/']
  ignore line: [ /usr/lib/gcc/x86_64-linux-gnu/11/cc1plus -quiet -v -imultiarch x86_64-linux-gnu -D_GNU_SOURCE /usr/share/cmake-3.22/Modules/CMakeCXXCompilerABI.cpp -quiet -dumpdir CMakeFiles/cmTC_b37b5.dir/ -dumpbase CMakeCXXCompilerABI.cpp.cpp -dumpbase-ext .cpp -mtune=generic -march=x86-64 -version -fasynchronous-unwind-tables -fstack-protector-strong -Wformat -Wformat-security -fstack-clash-protection -fcf-protection -o /tmp/ccSu7gJB.s]
  ignore line: [GNU C++17 (Ubuntu 11.4.0-1ubuntu1~22.04) version 11.4.0 (x86_64-linux-gnu)]
  ignore line: [	compiled by GNU C version 11.4.0  GMP version 6.2.1  MPFR version 4.1.0  MPC version 1.2.1  isl version isl-0.24-GMP]
  ignore line: []
  ignore line: [GGC heuristics: --param ggc-min-expand=100 --param ggc-min-heapsize=131072]
  ignore line: [ignoring duplicate directory "/usr/include/x86_64-linux-gnu/c++/11"]
  ignore line: [ignoring nonexistent directory "/usr/local/include/x86_64-linux-gnu"]
  ignore line: [ignoring nonexistent directory "/usr/lib/gcc/x86_64-linux-gnu/11/include-fixed"]
  ignore line: [ignoring nonexistent directory "/usr/lib/gcc/x86_64-linux-gnu/11/../../../../x86_64-linux-gnu/include"]
  ignore line: [#include "..." search starts here:]
  ignore line: [#include <...> search starts here:]
  ignore line: [ .]
  ignore line: [ /home/amine/build/build-bolt19/lib/Target/RISCV]
  ignore line: [ /usr/include/c++/11]
  ignore line: [ /usr/include/x86_64-linux-gnu/c++/11]
  ignore line: [ /usr/include/c++/11/backward]
  ignore line: [ /usr/lib/gcc/x86_64-linux-gnu/11/include]
  ignore line: [ /usr/local/include]
  ignore line: [ /usr/include/x86_64-linux-gnu]
  ignore line: [ /usr/include]
  ignore line: [End of search list.]
  ignore line: [GNU C++17 (Ubuntu 11.4.0-1ubuntu1~22.04) version 11.4.0 (x86_64-linux-gnu)]
  ignore line: [	compiled by GNU C version 11.4.0  GMP version 6.2.1  MPFR version 4.1.0  MPC version 1.2.1  isl version isl-0.24-GMP]
  ignore line: []
  ignore line: [GGC heuristics: --param ggc-min-expand=100 --param ggc-min-heapsize=131072]
  ignore line: [Compiler executable checksum: d591828bb4d392ae8b7b160e5bb0b95f]
  ignore line: [COLLECT_GCC_OPTIONS='-v' '-o' 'CMakeFiles/cmTC_b37b5.dir/CMakeCXXCompilerABI.cpp.o' '-c' '-shared-libgcc' '-mtune=generic' '-march=x86-64' '-dumpdir' 'CMakeFiles/cmTC_b37b5.dir/']
  ignore line: [ as -v --64 -o CMakeFiles/cmTC_b37b5.dir/CMakeCXXCompilerABI.cpp.o /tmp/ccSu7gJB.s]
  ignore line: [GNU assembler version 2.38 (x86_64-linux-gnu) using BFD version (GNU Binutils for Ubuntu) 2.38]
  ignore line: [COMPILER_PATH=/usr/lib/gcc/x86_64-linux-gnu/11/:/usr/lib/gcc/x86_64-linux-gnu/11/:/usr/lib/gcc/x86_64-linux-gnu/:/usr/lib/gcc/x86_64-linux-gnu/11/:/usr/lib/gcc/x86_64-linux-gnu/]
  ignore line: [LIBRARY_PATH=/usr/lib/gcc/x86_64-linux-gnu/11/:/usr/lib/gcc/x86_64-linux-gnu/11/../../../x86_64-linux-gnu/:/usr/lib/gcc/x86_64-linux-gnu/11/../../../../lib/:/lib/x86_64-linux-gnu/:/lib/../lib/:/usr/lib/x86_64-linux-gnu/:/usr/lib/../lib/:/usr/lib/gcc/x86_64-linux-gnu/11/../../../:/lib/:/usr/lib/]
  ignore line: [COLLECT_GCC_OPTIONS='-v' '-o' 'CMakeFiles/cmTC_b37b5.dir/CMakeCXXCompilerABI.cpp.o' '-c' '-shared-libgcc' '-mtune=generic' '-march=x86-64' '-dumpdir' 'CMakeFiles/cmTC_b37b5.dir/CMakeCXXCompilerABI.cpp.']
  ignore line: [[2/2] Linking CXX executable cmTC_b37b5]
  ignore line: [Using built-in specs.]
  ignore line: [COLLECT_GCC=/usr/bin/c++]
  ignore line: [COLLECT_LTO_WRAPPER=/usr/lib/gcc/x86_64-linux-gnu/11/lto-wrapper]
  ignore line: [OFFLOAD_TARGET_NAMES=nvptx-none:amdgcn-amdhsa]
  ignore line: [OFFLOAD_TARGET_DEFAULT=1]
  ignore line: [Target: x86_64-linux-gnu]
  ignore line: [Configured with: ../src/configure -v --with-pkgversion='Ubuntu 11.4.0-1ubuntu1~22.04' --with-bugurl=file:///usr/share/doc/gcc-11/README.Bugs --enable-languages=c ada c++ go brig d fortran objc obj-c++ m2 --prefix=/usr --with-gcc-major-version-only --program-suffix=-11 --program-prefix=x86_64-linux-gnu- --enable-shared --enable-linker-build-id --libexecdir=/usr/lib --without-included-gettext --enable-threads=posix --libdir=/usr/lib --enable-nls --enable-bootstrap --enable-clocale=gnu --enable-libstdcxx-debug --enable-libstdcxx-time=yes --with-default-libstdcxx-abi=new --enable-gnu-unique-object --disable-vtable-verify --enable-plugin --enable-default-pie --with-system-zlib --enable-libphobos-checking=release --with-target-system-zlib=auto --enable-objc-gc=auto --enable-multiarch --disable-werror --enable-cet --with-arch-32=i686 --with-abi=m64 --with-multilib-list=m32 m64 mx32 --enable-multilib --with-tune=generic --enable-offload-targets=nvptx-none=/build/gcc-11-XeT9lY/gcc-11-11.4.0/debian/tmp-nvptx/usr amdgcn-amdhsa=/build/gcc-11-XeT9lY/gcc-11-11.4.0/debian/tmp-gcn/usr --without-cuda-driver --enable-checking=release --build=x86_64-linux-gnu --host=x86_64-linux-gnu --target=x86_64-linux-gnu --with-build-config=bootstrap-lto-lean --enable-link-serialization=2]
  ignore line: [Thread model: posix]
  ignore line: [Supported LTO compression algorithms: zlib zstd]
  ignore line: [gcc version 11.4.0 (Ubuntu 11.4.0-1ubuntu1~22.04) ]
  ignore line: [COMPILER_PATH=/usr/lib/gcc/x86_64-linux-gnu/11/:/usr/lib/gcc/x86_64-linux-gnu/11/:/usr/lib/gcc/x86_64-linux-gnu/:/usr/lib/gcc/x86_64-linux-gnu/11/:/usr/lib/gcc/x86_64-linux-gnu/]
  ignore line: [LIBRARY_PATH=/usr/lib/gcc/x86_64-linux-gnu/11/:/usr/lib/gcc/x86_64-linux-gnu/11/../../../x86_64-linux-gnu/:/usr/lib/gcc/x86_64-linux-gnu/11/../../../../lib/:/lib/x86_64-linux-gnu/:/lib/../lib/:/usr/lib/x86_64-linux-gnu/:/usr/lib/../lib/:/usr/lib/gcc/x86_64-linux-gnu/11/../../../:/lib/:/usr/lib/]
  ignore line: [COLLECT_GCC_OPTIONS='-v' '-o' 'cmTC_b37b5' '-shared-libgcc' '-mtune=generic' '-march=x86-64' '-dumpdir' 'cmTC_b37b5.']
  link line: [ /usr/lib/gcc/x86_64-linux-gnu/11/collect2 -plugin /usr/lib/gcc/x86_64-linux-gnu/11/liblto_plugin.so -plugin-opt=/usr/lib/gcc/x86_64-linux-gnu/11/lto-wrapper -plugin-opt=-fresolution=/tmp/ccchvTLl.res -plugin-opt=-pass-through=-lgcc_s -plugin-opt=-pass-through=-lgcc -plugin-opt=-pass-through=-lc -plugin-opt=-pass-through=-lgcc_s -plugin-opt=-pass-through=-lgcc --build-id --eh-frame-hdr -m elf_x86_64 --hash-style=gnu --as-needed -dynamic-linker /lib64/ld-linux-x86-64.so.2 -pie -z now -z relro -o cmTC_b37b5 /usr/lib/gcc/x86_64-linux-gnu/11/../../../x86_64-linux-gnu/Scrt1.o /usr/lib/gcc/x86_64-linux-gnu/11/../../../x86_64-linux-gnu/crti.o /usr/lib/gcc/x86_64-linux-gnu/11/crtbeginS.o -L/usr/lib/gcc/x86_64-linux-gnu/11 -L/usr/lib/gcc/x86_64-linux-gnu/11/../../../x86_64-linux-gnu -L/usr/lib/gcc/x86_64-linux-gnu/11/../../../../lib -L/lib/x86_64-linux-gnu -L/lib/../lib -L/usr/lib/x86_64-linux-gnu -L/usr/lib/../lib -L/usr/lib/gcc/x86_64-linux-gnu/11/../../.. CMakeFiles/cmTC_b37b5.dir/CMakeCXXCompilerABI.cpp.o -lstdc++ -lm -lgcc_s -lgcc -lc -lgcc_s -lgcc /usr/lib/gcc/x86_64-linux-gnu/11/crtendS.o /usr/lib/gcc/x86_64-linux-gnu/11/../../../x86_64-linux-gnu/crtn.o]
    arg [/usr/lib/gcc/x86_64-linux-gnu/11/collect2] ==> ignore
    arg [-plugin] ==> ignore
    arg [/usr/lib/gcc/x86_64-linux-gnu/11/liblto_plugin.so] ==> ignore
    arg [-plugin-opt=/usr/lib/gcc/x86_64-linux-gnu/11/lto-wrapper] ==> ignore
    arg [-plugin-opt=-fresolution=/tmp/ccchvTLl.res] ==> ignore
    arg [-plugin-opt=-pass-through=-lgcc_s] ==> ignore
    arg [-plugin-opt=-pass-through=-lgcc] ==> ignore
    arg [-plugin-opt=-pass-through=-lc] ==> ignore
    arg [-plugin-opt=-pass-through=-lgcc_s] ==> ignore
    arg [-plugin-opt=-pass-through=-lgcc] ==> ignore
    arg [--build-id] ==> ignore
    arg [--eh-frame-hdr] ==> ignore
    arg [-m] ==> ignore
    arg [elf_x86_64] ==> ignore
    arg [--hash-style=gnu] ==> ignore
    arg [--as-needed] ==> ignore
    arg [-dynamic-linker] ==> ignore
    arg [/lib64/ld-linux-x86-64.so.2] ==> ignore
    arg [-pie] ==> ignore
    arg [-znow] ==> ignore
    arg [-zrelro] ==> ignore
    arg [-o] ==> ignore
    arg [cmTC_b37b5] ==> ignore
    arg [/usr/lib/gcc/x86_64-linux-gnu/11/../../../x86_64-linux-gnu/Scrt1.o] ==> obj [/usr/lib/gcc/x86_64-linux-gnu/11/../../../x86_64-linux-gnu/Scrt1.o]
    arg [/usr/lib/gcc/x86_64-linux-gnu/11/../../../x86_64-linux-gnu/crti.o] ==> obj [/usr/lib/gcc/x86_64-linux-gnu/11/../../../x86_64-linux-gnu/crti.o]
    arg [/usr/lib/gcc/x86_64-linux-gnu/11/crtbeginS.o] ==> obj [/usr/lib/gcc/x86_64-linux-gnu/11/crtbeginS.o]
    arg [-L/usr/lib/gcc/x86_64-linux-gnu/11] ==> dir [/usr/lib/gcc/x86_64-linux-gnu/11]
    arg [-L/usr/lib/gcc/x86_64-linux-gnu/11/../../../x86_64-linux-gnu] ==> dir [/usr/lib/gcc/x86_64-linux-gnu/11/../../../x86_64-linux-gnu]
    arg [-L/usr/lib/gcc/x86_64-linux-gnu/11/../../../../lib] ==> dir [/usr/lib/gcc/x86_64-linux-gnu/11/../../../../lib]
    arg [-L/lib/x86_64-linux-gnu] ==> dir [/lib/x86_64-linux-gnu]
    arg [-L/lib/../lib] ==> dir [/lib/../lib]
    arg [-L/usr/lib/x86_64-linux-gnu] ==> dir [/usr/lib/x86_64-linux-gnu]
    arg [-L/usr/lib/../lib] ==> dir [/usr/lib/../lib]
    arg [-L/usr/lib/gcc/x86_64-linux-gnu/11/../../..] ==> dir [/usr/lib/gcc/x86_64-linux-gnu/11/../../..]
    arg [CMakeFiles/cmTC_b37b5.dir/CMakeCXXCompilerABI.cpp.o] ==> ignore
    arg [-lstdc++] ==> lib [stdc++]
    arg [-lm] ==> lib [m]
    arg [-lgcc_s] ==> lib [gcc_s]
    arg [-lgcc] ==> lib [gcc]
    arg [-lc] ==> lib [c]
    arg [-lgcc_s] ==> lib [gcc_s]
    arg [-lgcc] ==> lib [gcc]
    arg [/usr/lib/gcc/x86_64-linux-gnu/11/crtendS.o] ==> obj [/usr/lib/gcc/x86_64-linux-gnu/11/crtendS.o]
    arg [/usr/lib/gcc/x86_64-linux-gnu/11/../../../x86_64-linux-gnu/crtn.o] ==> obj [/usr/lib/gcc/x86_64-linux-gnu/11/../../../x86_64-linux-gnu/crtn.o]
  collapse obj [/usr/lib/gcc/x86_64-linux-gnu/11/../../../x86_64-linux-gnu/Scrt1.o] ==> [/usr/lib/x86_64-linux-gnu/Scrt1.o]
  collapse obj [/usr/lib/gcc/x86_64-linux-gnu/11/../../../x86_64-linux-gnu/crti.o] ==> [/usr/lib/x86_64-linux-gnu/crti.o]
  collapse obj [/usr/lib/gcc/x86_64-linux-gnu/11/../../../x86_64-linux-gnu/crtn.o] ==> [/usr/lib/x86_64-linux-gnu/crtn.o]
  collapse library dir [/usr/lib/gcc/x86_64-linux-gnu/11] ==> [/usr/lib/gcc/x86_64-linux-gnu/11]
  collapse library dir [/usr/lib/gcc/x86_64-linux-gnu/11/../../../x86_64-linux-gnu] ==> [/usr/lib/x86_64-linux-gnu]
  collapse library dir [/usr/lib/gcc/x86_64-linux-gnu/11/../../../../lib] ==> [/usr/lib]
  collapse library dir [/lib/x86_64-linux-gnu] ==> [/lib/x86_64-linux-gnu]
  collapse library dir [/lib/../lib] ==> [/lib]
  collapse library dir [/usr/lib/x86_64-linux-gnu] ==> [/usr/lib/x86_64-linux-gnu]
  collapse library dir [/usr/lib/../lib] ==> [/usr/lib]
  collapse library dir [/usr/lib/gcc/x86_64-linux-gnu/11/../../..] ==> [/usr/lib]
  implicit libs: [stdc++;m;gcc_s;gcc;c;gcc_s;gcc]
  implicit objs: [/usr/lib/x86_64-linux-gnu/Scrt1.o;/usr/lib/x86_64-linux-gnu/crti.o;/usr/lib/gcc/x86_64-linux-gnu/11/crtbeginS.o;/usr/lib/gcc/x86_64-linux-gnu/11/crtendS.o;/usr/lib/x86_64-linux-gnu/crtn.o]
  implicit dirs: [/usr/lib/gcc/x86_64-linux-gnu/11;/usr/lib/x86_64-linux-gnu;/usr/lib;/lib/x86_64-linux-gnu;/lib]
  implicit fwks: []


Determining if the include file dlfcn.h exists passed with the following output:
Change Dir: /home/amine/build/bolt-fresh/CMakeFiles/CMakeTmp

Run Build Command(s):/usr/bin/ninja cmTC_bbcc2 && [1/2] Building C object CMakeFiles/cmTC_bbcc2.dir/CheckIncludeFile.c.o
[2/2] Linking C executable cmTC_bbcc2



Determining if the include file errno.h exists passed with the following output:
Change Dir: /home/amine/build/bolt-fresh/CMakeFiles/CMakeTmp

Run Build Command(s):/usr/bin/ninja cmTC_29717 && [1/2] Building C object CMakeFiles/cmTC_29717.dir/CheckIncludeFile.c.o
[2/2] Linking C executable cmTC_29717



Determining if the include file fcntl.h exists passed with the following output:
Change Dir: /home/amine/build/bolt-fresh/CMakeFiles/CMakeTmp

Run Build Command(s):/usr/bin/ninja cmTC_b0d3e && [1/2] Building C object CMakeFiles/cmTC_b0d3e.dir/CheckIncludeFile.c.o
[2/2] Linking C executable cmTC_b0d3e



Determining if the include file link.h exists passed with the following output:
Change Dir: /home/amine/build/bolt-fresh/CMakeFiles/CMakeTmp

Run Build Command(s):/usr/bin/ninja cmTC_e7632 && [1/2] Building C object CMakeFiles/cmTC_e7632.dir/CheckIncludeFile.c.o
[2/2] Linking C executable cmTC_e7632



Determining if the include file pthread.h exists passed with the following output:
Change Dir: /home/amine/build/bolt-fresh/CMakeFiles/CMakeTmp

Run Build Command(s):/usr/bin/ninja cmTC_07c5b && [1/2] Building C object CMakeFiles/cmTC_07c5b.dir/CheckIncludeFile.c.o
[2/2] Linking C executable cmTC_07c5b



Determining if the include file signal.h exists passed with the following output:
Change Dir: /home/amine/build/bolt-fresh/CMakeFiles/CMakeTmp

Run Build Command(s):/usr/bin/ninja cmTC_60934 && [1/2] Building C object CMakeFiles/cmTC_60934.dir/CheckIncludeFile.c.o
[2/2] Linking C executable cmTC_60934



Determining if the include file sys/ioctl.h exists passed with the following output:
Change Dir: /home/amine/build/bolt-fresh/CMakeFiles/CMakeTmp

Run Build Command(s):/usr/bin/ninja cmTC_d2f44 && [1/2] Building C object CMakeFiles/cmTC_d2f44.dir/CheckIncludeFile.c.o
[2/2] Linking C executable cmTC_d2f44



Determining if the include file sys/mman.h exists passed with the following output:
Change Dir: /home/amine/build/bolt-fresh/CMakeFiles/CMakeTmp

Run Build Command(s):/usr/bin/ninja cmTC_8649f && [1/2] Building C object CMakeFiles/cmTC_8649f.dir/CheckIncludeFile.c.o
[2/2] Linking C executable cmTC_8649f



Determining if the include file sys/param.h exists passed with the following output:
Change Dir: /home/amine/build/bolt-fresh/CMakeFiles/CMakeTmp

Run Build Command(s):/usr/bin/ninja cmTC_ebb83 && [1/2] Building C object CMakeFiles/cmTC_ebb83.dir/CheckIncludeFile.c.o
[2/2] Linking C executable cmTC_ebb83



Determining if the include file sys/resource.h exists passed with the following output:
Change Dir: /home/amine/build/bolt-fresh/CMakeFiles/CMakeTmp

Run Build Command(s):/usr/bin/ninja cmTC_4f6ab && [1/2] Building C object CMakeFiles/cmTC_4f6ab.dir/CheckIncludeFile.c.o
[2/2] Linking C executable cmTC_4f6ab



Determining if the include file sys/stat.h exists passed with the following output:
Change Dir: /home/amine/build/bolt-fresh/CMakeFiles/CMakeTmp

Run Build Command(s):/usr/bin/ninja cmTC_edc5a && [1/2] Building C object CMakeFiles/cmTC_edc5a.dir/CheckIncludeFile.c.o
[2/2] Linking C executable cmTC_edc5a



Determining if the include file sys/time.h exists passed with the following output:
Change Dir: /home/amine/build/bolt-fresh/CMakeFiles/CMakeTmp

Run Build Command(s):/usr/bin/ninja cmTC_cc0b5 && [1/2] Building C object CMakeFiles/cmTC_cc0b5.dir/CheckIncludeFile.c.o
[2/2] Linking C executable cmTC_cc0b5



Determining if the include file sys/types.h exists passed with the following output:
Change Dir: /home/amine/build/bolt-fresh/CMakeFiles/CMakeTmp

Run Build Command(s):/usr/bin/ninja cmTC_a1cd2 && [1/2] Building C object CMakeFiles/cmTC_a1cd2.dir/CheckIncludeFile.c.o
[2/2] Linking C executable cmTC_a1cd2



Determining if the include file sysexits.h exists passed with the following output:
Change Dir: /home/amine/build/bolt-fresh/CMakeFiles/CMakeTmp

Run Build Command(s):/usr/bin/ninja cmTC_f07e4 && [1/2] Building C object CMakeFiles/cmTC_f07e4.dir/CheckIncludeFile.c.o
[2/2] Linking C executable cmTC_f07e4



Determining if the include file termios.h exists passed with the following output:
Change Dir: /home/amine/build/bolt-fresh/CMakeFiles/CMakeTmp

Run Build Command(s):/usr/bin/ninja cmTC_c8b02 && [1/2] Building C object CMakeFiles/cmTC_c8b02.dir/CheckIncludeFile.c.o
[2/2] Linking C executable cmTC_c8b02



Determining if the include file unistd.h exists passed with the following output:
Change Dir: /home/amine/build/bolt-fresh/CMakeFiles/CMakeTmp

Run Build Command(s):/usr/bin/ninja cmTC_3527f && [1/2] Building C object CMakeFiles/cmTC_3527f.dir/CheckIncludeFile.c.o
[2/2] Linking C executable cmTC_3527f



Determining if the include file fenv.h exists passed with the following output:
Change Dir: /home/amine/build/bolt-fresh/CMakeFiles/CMakeTmp

Run Build Command(s):/usr/bin/ninja cmTC_bcc44 && [1/2] Building C object CMakeFiles/cmTC_bcc44.dir/CheckIncludeFile.c.o
[2/2] Linking C executable cmTC_bcc44



Determining if the FE_ALL_EXCEPT exist passed with the following output:
Change Dir: /home/amine/build/bolt-fresh/CMakeFiles/CMakeTmp

Run Build Command(s):/usr/bin/ninja cmTC_a9ac5 && [1/2] Building C object CMakeFiles/cmTC_a9ac5.dir/CheckSymbolExists.c.o
[2/2] Linking C executable cmTC_a9ac5


File /home/amine/build/bolt-fresh/CMakeFiles/CMakeTmp/CheckSymbolExists.c:
/* */
#include <fenv.h>

int main(int argc, char** argv)
{
  (void)argv;
#ifndef FE_ALL_EXCEPT
  return ((int*)(&FE_ALL_EXCEPT))[argc];
#else
  (void)argc;
  return 0;
#endif
}
Determining if the FE_INEXACT exist passed with the following output:
Change Dir: /home/amine/build/bolt-fresh/CMakeFiles/CMakeTmp

Run Build Command(s):/usr/bin/ninja cmTC_5ea4f && [1/2] Building C object CMakeFiles/cmTC_5ea4f.dir/CheckSymbolExists.c.o
[2/2] Linking C executable cmTC_5ea4f


File /home/amine/build/bolt-fresh/CMakeFiles/CMakeTmp/CheckSymbolExists.c:
/* */
#include <fenv.h>

int main(int argc, char** argv)
{
  (void)argv;
#ifndef FE_INEXACT
  return ((int*)(&FE_INEXACT))[argc];
#else
  (void)argc;
  return 0;
#endif
}
Performing C SOURCE FILE Test HAVE_BUILTIN_THREAD_POINTER succeeded with the following output:
Change Dir: /home/amine/build/bolt-fresh/CMakeFiles/CMakeTmp

Run Build Command(s):/usr/bin/ninja cmTC_55ad5 && [1/2] Building C object CMakeFiles/cmTC_55ad5.dir/src.c.o
[2/2] Linking C executable cmTC_55ad5


Source file was:

        #if __has_attribute(used)
        #define LLVM_ATTRIBUTE_USED __attribute__((__used__))
        #else
        #define LLVM_ATTRIBUTE_USED
        #endif
        LLVM_ATTRIBUTE_USED void *foo() {
          return __builtin_thread_pointer();
        }
        int main(void) { return 0; }
Determining if the include file linux/magic.h exists passed with the following output:
Change Dir: /home/amine/build/bolt-fresh/CMakeFiles/CMakeTmp

Run Build Command(s):/usr/bin/ninja cmTC_9d2ef && [1/2] Building C object CMakeFiles/cmTC_9d2ef.dir/CheckIncludeFile.c.o
[2/2] Linking C executable cmTC_9d2ef



Determining if the function pthread_create exists in the pthread passed with the following output:
Change Dir: /home/amine/build/bolt-fresh/CMakeFiles/CMakeTmp

Run Build Command(s):/usr/bin/ninja cmTC_f469d && [1/2] Building C object CMakeFiles/cmTC_f469d.dir/CheckFunctionExists.c.o
[2/2] Linking C executable cmTC_f469d



Determining if the function pthread_rwlock_init exists in the pthread passed with the following output:
Change Dir: /home/amine/build/bolt-fresh/CMakeFiles/CMakeTmp

Run Build Command(s):/usr/bin/ninja cmTC_33eac && [1/2] Building C object CMakeFiles/cmTC_33eac.dir/CheckFunctionExists.c.o
[2/2] Linking C executable cmTC_33eac



Determining if the function pthread_mutex_lock exists in the pthread passed with the following output:
Change Dir: /home/amine/build/bolt-fresh/CMakeFiles/CMakeTmp

Run Build Command(s):/usr/bin/ninja cmTC_fe347 && [1/2] Building C object CMakeFiles/cmTC_fe347.dir/CheckFunctionExists.c.o
[2/2] Linking C executable cmTC_fe347



Determining if the function dlopen exists in the dl passed with the following output:
Change Dir: /home/amine/build/bolt-fresh/CMakeFiles/CMakeTmp

Run Build Command(s):/usr/bin/ninja cmTC_01cad && [1/2] Building C object CMakeFiles/cmTC_01cad.dir/CheckFunctionExists.c.o
[2/2] Linking C executable cmTC_01cad



Determining if the function clock_gettime exists in the rt passed with the following output:
Change Dir: /home/amine/build/bolt-fresh/CMakeFiles/CMakeTmp

Run Build Command(s):/usr/bin/ninja cmTC_4909f && [1/2] Building C object CMakeFiles/cmTC_4909f.dir/CheckFunctionExists.c.o
[2/2] Linking C executable cmTC_4909f



Determining if the function pfm_initialize exists in the pfm passed with the following output:
Change Dir: /home/amine/build/bolt-fresh/CMakeFiles/CMakeTmp

Run Build Command(s):/usr/bin/ninja cmTC_ffadf && [1/2] Building C object CMakeFiles/cmTC_ffadf.dir/CheckFunctionExists.c.o
[2/2] Linking C executable cmTC_ffadf



Determining if the include file perfmon/perf_event.h exists passed with the following output:
Change Dir: /home/amine/build/bolt-fresh/CMakeFiles/CMakeTmp

Run Build Command(s):/usr/bin/ninja cmTC_94683 && [1/2] Building C object CMakeFiles/cmTC_94683.dir/CheckIncludeFile.c.o
[2/2] Linking C executable cmTC_94683



Determining if the include file perfmon/pfmlib.h exists passed with the following output:
Change Dir: /home/amine/build/bolt-fresh/CMakeFiles/CMakeTmp

Run Build Command(s):/usr/bin/ninja cmTC_44633 && [1/2] Building C object CMakeFiles/cmTC_44633.dir/CheckIncludeFile.c.o
[2/2] Linking C executable cmTC_44633



Determining if the include file perfmon/pfmlib_perf_event.h exists passed with the following output:
Change Dir: /home/amine/build/bolt-fresh/CMakeFiles/CMakeTmp

Run Build Command(s):/usr/bin/ninja cmTC_c2228 && [1/2] Building C object CMakeFiles/cmTC_c2228.dir/CheckIncludeFile.c.o
[2/2] Linking C executable cmTC_c2228



Performing C++ SOURCE FILE Test COMPILE_WITH_CYCLES succeeded with the following output:
Change Dir: /home/amine/build/bolt-fresh/CMakeFiles/CMakeTmp

Run Build Command(s):/usr/bin/ninja cmTC_a4de9 && [1/2] Building CXX object CMakeFiles/cmTC_a4de9.dir/src.cxx.o
[2/2] Linking CXX executable cmTC_a4de9


Source file was:

        #include <perfmon/perf_event.h>
        int main() {
          perf_branch_entry entry;
          entry.cycles = 2;
          return 0;
        }
Determining if the include file pthread.h exists passed with the following output:
Change Dir: /home/amine/build/bolt-fresh/CMakeFiles/CMakeTmp

Run Build Command(s):/usr/bin/ninja cmTC_f6b58 && [1/2] Building C object CMakeFiles/cmTC_f6b58.dir/CheckIncludeFile.c.o
[2/2] Linking C executable cmTC_f6b58



Performing C SOURCE FILE Test CMAKE_HAVE_LIBC_PTHREAD succeeded with the following output:
Change Dir: /home/amine/build/bolt-fresh/CMakeFiles/CMakeTmp

Run Build Command(s):/usr/bin/ninja cmTC_4eae9 && [1/2] Building C object CMakeFiles/cmTC_4eae9.dir/src.c.o
[2/2] Linking C executable cmTC_4eae9


Source file was:
#include <pthread.h>

static void* test_func(void* data)
{
  return data;
}

int main(void)
{
  pthread_t thread;
  pthread_create(&thread, NULL, test_func, NULL);
  pthread_detach(thread);
  pthread_cancel(thread);
  pthread_join(thread, NULL);
  pthread_atfork(NULL, NULL, NULL);
  pthread_exit(NULL);

  return 0;
}

Determining if the compress2 exist passed with the following output:
Change Dir: /home/amine/build/bolt-fresh/CMakeFiles/CMakeTmp

Run Build Command(s):/usr/bin/ninja cmTC_8ea97 && [1/2] Building C object CMakeFiles/cmTC_8ea97.dir/CheckSymbolExists.c.o
[2/2] Linking C executable cmTC_8ea97


File /home/amine/build/bolt-fresh/CMakeFiles/CMakeTmp/CheckSymbolExists.c:
/* */
#include <zlib.h>

int main(int argc, char** argv)
{
  (void)argv;
#ifndef compress2
  return ((int*)(&compress2))[argc];
#else
  (void)argc;
  return 0;
#endif
}
Determining if the xmlReadMemory exist passed with the following output:
Change Dir: /home/amine/build/bolt-fresh/CMakeFiles/CMakeTmp

Run Build Command(s):/usr/bin/ninja cmTC_3811e && [1/2] Building C object CMakeFiles/cmTC_3811e.dir/CheckSymbolExists.c.o
[2/2] Linking C executable cmTC_3811e


File /home/amine/build/bolt-fresh/CMakeFiles/CMakeTmp/CheckSymbolExists.c:
/* */
#include <libxml/xmlreader.h>

int main(int argc, char** argv)
{
  (void)argv;
#ifndef xmlReadMemory
  return ((int*)(&xmlReadMemory))[argc];
#else
  (void)argc;
  return 0;
#endif
}
Determining if the backtrace exist passed with the following output:
Change Dir: /home/amine/build/bolt-fresh/CMakeFiles/CMakeTmp

Run Build Command(s):/usr/bin/ninja cmTC_3c01f && [1/2] Building C object CMakeFiles/cmTC_3c01f.dir/CheckSymbolExists.c.o
[2/2] Linking C executable cmTC_3c01f


File /home/amine/build/bolt-fresh/CMakeFiles/CMakeTmp/CheckSymbolExists.c:
/* */
#include <execinfo.h>

int main(int argc, char** argv)
{
  (void)argv;
#ifndef backtrace
  return ((int*)(&backtrace))[argc];
#else
  (void)argc;
  return 0;
#endif
}
Determining if the __register_frame exist passed with the following output:
Change Dir: /home/amine/build/bolt-fresh/CMakeFiles/CMakeTmp

Run Build Command(s):/usr/bin/ninja cmTC_bedc9 && [1/2] Building C object CMakeFiles/cmTC_bedc9.dir/CheckSymbolExists.c.o
[2/2] Linking C executable cmTC_bedc9


File /home/amine/build/bolt-fresh/CMakeFiles/CMakeTmp/CheckSymbolExists.c:
/* */
#include </home/amine/projet/llvm-bolt19/llvm-project/llvm/cmake/unwind.h>

int main(int argc, char** argv)
{
  (void)argv;
#ifndef __register_frame
  return ((int*)(&__register_frame))[argc];
#else
  (void)argc;
  return 0;
#endif
}
Determining if the __deregister_frame exist passed with the following output:
Change Dir: /home/amine/build/bolt-fresh/CMakeFiles/CMakeTmp

Run Build Command(s):/usr/bin/ninja cmTC_dff6b && [1/2] Building C object CMakeFiles/cmTC_dff6b.dir/CheckSymbolExists.c.o
[2/2] Linking C executable cmTC_dff6b


File /home/amine/build/bolt-fresh/CMakeFiles/CMakeTmp/CheckSymbolExists.c:
/* */
#include </home/amine/projet/llvm-bolt19/llvm-project/llvm/cmake/unwind.h>

int main(int argc, char** argv)
{
  (void)argv;
#ifndef __deregister_frame
  return ((int*)(&__deregister_frame))[argc];
#else
  (void)argc;
  return 0;
#endif
}
Determining if the _Unwind_Backtrace exist passed with the following output:
Change Dir: /home/amine/build/bolt-fresh/CMakeFiles/CMakeTmp

Run Build Command(s):/usr/bin/ninja cmTC_0ace2 && [1/2] Building C object CMakeFiles/cmTC_0ace2.dir/CheckSymbolExists.c.o
[2/2] Linking C executable cmTC_0ace2


File /home/amine/build/bolt-fresh/CMakeFiles/CMakeTmp/CheckSymbolExists.c:
/* */
#include <unwind.h>

int main(int argc, char** argv)
{
  (void)argv;
#ifndef _Unwind_Backtrace
  return ((int*)(&_Unwind_Backtrace))[argc];
#else
  (void)argc;
  return 0;
#endif
}
Determining if the getpagesize exist passed with the following output:
Change Dir: /home/amine/build/bolt-fresh/CMakeFiles/CMakeTmp

Run Build Command(s):/usr/bin/ninja cmTC_97e5f && [1/2] Building C object CMakeFiles/cmTC_97e5f.dir/CheckSymbolExists.c.o
[2/2] Linking C executable cmTC_97e5f


File /home/amine/build/bolt-fresh/CMakeFiles/CMakeTmp/CheckSymbolExists.c:
/* */
#include <unistd.h>

int main(int argc, char** argv)
{
  (void)argv;
#ifndef getpagesize
  return ((int*)(&getpagesize))[argc];
#else
  (void)argc;
  return 0;
#endif
}
Determining if the sysconf exist passed with the following output:
Change Dir: /home/amine/build/bolt-fresh/CMakeFiles/CMakeTmp

Run Build Command(s):/usr/bin/ninja cmTC_187f1 && [1/2] Building C object CMakeFiles/cmTC_187f1.dir/CheckSymbolExists.c.o
[2/2] Linking C executable cmTC_187f1


File /home/amine/build/bolt-fresh/CMakeFiles/CMakeTmp/CheckSymbolExists.c:
/* */
#include <unistd.h>

int main(int argc, char** argv)
{
  (void)argv;
#ifndef sysconf
  return ((int*)(&sysconf))[argc];
#else
  (void)argc;
  return 0;
#endif
}
Determining if the getrusage exist passed with the following output:
Change Dir: /home/amine/build/bolt-fresh/CMakeFiles/CMakeTmp

Run Build Command(s):/usr/bin/ninja cmTC_a402f && [1/2] Building C object CMakeFiles/cmTC_a402f.dir/CheckSymbolExists.c.o
[2/2] Linking C executable cmTC_a402f


File /home/amine/build/bolt-fresh/CMakeFiles/CMakeTmp/CheckSymbolExists.c:
/* */
#include <sys/resource.h>

int main(int argc, char** argv)
{
  (void)argv;
#ifndef getrusage
  return ((int*)(&getrusage))[argc];
#else
  (void)argc;
  return 0;
#endif
}
Determining if the setrlimit exist passed with the following output:
Change Dir: /home/amine/build/bolt-fresh/CMakeFiles/CMakeTmp

Run Build Command(s):/usr/bin/ninja cmTC_b477d && [1/2] Building C object CMakeFiles/cmTC_b477d.dir/CheckSymbolExists.c.o
[2/2] Linking C executable cmTC_b477d


File /home/amine/build/bolt-fresh/CMakeFiles/CMakeTmp/CheckSymbolExists.c:
/* */
#include <sys/resource.h>

int main(int argc, char** argv)
{
  (void)argv;
#ifndef setrlimit
  return ((int*)(&setrlimit))[argc];
#else
  (void)argc;
  return 0;
#endif
}
Determining if the isatty exist passed with the following output:
Change Dir: /home/amine/build/bolt-fresh/CMakeFiles/CMakeTmp

Run Build Command(s):/usr/bin/ninja cmTC_a5e87 && [1/2] Building C object CMakeFiles/cmTC_a5e87.dir/CheckSymbolExists.c.o
[2/2] Linking C executable cmTC_a5e87


File /home/amine/build/bolt-fresh/CMakeFiles/CMakeTmp/CheckSymbolExists.c:
/* */
#include <unistd.h>

int main(int argc, char** argv)
{
  (void)argv;
#ifndef isatty
  return ((int*)(&isatty))[argc];
#else
  (void)argc;
  return 0;
#endif
}
Determining if the futimens exist passed with the following output:
Change Dir: /home/amine/build/bolt-fresh/CMakeFiles/CMakeTmp

Run Build Command(s):/usr/bin/ninja cmTC_5f3e9 && [1/2] Building C object CMakeFiles/cmTC_5f3e9.dir/CheckSymbolExists.c.o
[2/2] Linking C executable cmTC_5f3e9


File /home/amine/build/bolt-fresh/CMakeFiles/CMakeTmp/CheckSymbolExists.c:
/* */
#include <sys/stat.h>

int main(int argc, char** argv)
{
  (void)argv;
#ifndef futimens
  return ((int*)(&futimens))[argc];
#else
  (void)argc;
  return 0;
#endif
}
Determining if the futimes exist passed with the following output:
Change Dir: /home/amine/build/bolt-fresh/CMakeFiles/CMakeTmp

Run Build Command(s):/usr/bin/ninja cmTC_95cda && [1/2] Building C object CMakeFiles/cmTC_95cda.dir/CheckSymbolExists.c.o
[2/2] Linking C executable cmTC_95cda


File /home/amine/build/bolt-fresh/CMakeFiles/CMakeTmp/CheckSymbolExists.c:
/* */
#include <sys/time.h>

int main(int argc, char** argv)
{
  (void)argv;
#ifndef futimes
  return ((int*)(&futimes))[argc];
#else
  (void)argc;
  return 0;
#endif
}
Determining if the sigaltstack exist passed with the following output:
Change Dir: /home/amine/build/bolt-fresh/CMakeFiles/CMakeTmp

Run Build Command(s):/usr/bin/ninja cmTC_a67e1 && [1/2] Building C object CMakeFiles/cmTC_a67e1.dir/CheckSymbolExists.c.o
[2/2] Linking C executable cmTC_a67e1


File /home/amine/build/bolt-fresh/CMakeFiles/CMakeTmp/CheckSymbolExists.c:
/* */
#include <signal.h>

int main(int argc, char** argv)
{
  (void)argv;
#ifndef sigaltstack
  return ((int*)(&sigaltstack))[argc];
#else
  (void)argc;
  return 0;
#endif
}
Determining if the mallinfo exist passed with the following output:
Change Dir: /home/amine/build/bolt-fresh/CMakeFiles/CMakeTmp

Run Build Command(s):/usr/bin/ninja cmTC_49c2b && [1/2] Building C object CMakeFiles/cmTC_49c2b.dir/CheckSymbolExists.c.o
/home/amine/build/bolt-fresh/CMakeFiles/CMakeTmp/CheckSymbolExists.c: In function main:
/home/amine/build/bolt-fresh/CMakeFiles/CMakeTmp/CheckSymbolExists.c:8:3: warning: mallinfo is deprecated [-Wdeprecated-declarations]
    8 |   return ((int*)(&mallinfo))[argc];
      |   ^~~~~~
In file included from /home/amine/build/bolt-fresh/CMakeFiles/CMakeTmp/CheckSymbolExists.c:2:
/usr/include/malloc.h:114:24: note: declared here
  114 | extern struct mallinfo mallinfo (void) __THROW __MALLOC_DEPRECATED;
      |                        ^~~~~~~~
[2/2] Linking C executable cmTC_49c2b


File /home/amine/build/bolt-fresh/CMakeFiles/CMakeTmp/CheckSymbolExists.c:
/* */
#include <malloc.h>

int main(int argc, char** argv)
{
  (void)argv;
#ifndef mallinfo
  return ((int*)(&mallinfo))[argc];
#else
  (void)argc;
  return 0;
#endif
}
Determining if the mallinfo2 exist passed with the following output:
Change Dir: /home/amine/build/bolt-fresh/CMakeFiles/CMakeTmp

Run Build Command(s):/usr/bin/ninja cmTC_19d60 && [1/2] Building C object CMakeFiles/cmTC_19d60.dir/CheckSymbolExists.c.o
[2/2] Linking C executable cmTC_19d60


File /home/amine/build/bolt-fresh/CMakeFiles/CMakeTmp/CheckSymbolExists.c:
/* */
#include <malloc.h>

int main(int argc, char** argv)
{
  (void)argv;
#ifndef mallinfo2
  return ((int*)(&mallinfo2))[argc];
#else
  (void)argc;
  return 0;
#endif
}
Determining if the getrlimit exist passed with the following output:
Change Dir: /home/amine/build/bolt-fresh/CMakeFiles/CMakeTmp

Run Build Command(s):/usr/bin/ninja cmTC_82ec2 && [1/2] Building C object CMakeFiles/cmTC_82ec2.dir/CheckSymbolExists.c.o
[2/2] Linking C executable cmTC_82ec2


File /home/amine/build/bolt-fresh/CMakeFiles/CMakeTmp/CheckSymbolExists.c:
/* */
#include <sys/types.h>
#include <sys/time.h>
#include <sys/resource.h>

int main(int argc, char** argv)
{
  (void)argv;
#ifndef getrlimit
  return ((int*)(&getrlimit))[argc];
#else
  (void)argc;
  return 0;
#endif
}
Determining if the posix_spawn exist passed with the following output:
Change Dir: /home/amine/build/bolt-fresh/CMakeFiles/CMakeTmp

Run Build Command(s):/usr/bin/ninja cmTC_c5a85 && [1/2] Building C object CMakeFiles/cmTC_c5a85.dir/CheckSymbolExists.c.o
[2/2] Linking C executable cmTC_c5a85


File /home/amine/build/bolt-fresh/CMakeFiles/CMakeTmp/CheckSymbolExists.c:
/* */
#include <spawn.h>

int main(int argc, char** argv)
{
  (void)argv;
#ifndef posix_spawn
  return ((int*)(&posix_spawn))[argc];
#else
  (void)argc;
  return 0;
#endif
}
Determining if the pread exist passed with the following output:
Change Dir: /home/amine/build/bolt-fresh/CMakeFiles/CMakeTmp

Run Build Command(s):/usr/bin/ninja cmTC_333be && [1/2] Building C object CMakeFiles/cmTC_333be.dir/CheckSymbolExists.c.o
[2/2] Linking C executable cmTC_333be


File /home/amine/build/bolt-fresh/CMakeFiles/CMakeTmp/CheckSymbolExists.c:
/* */
#include <unistd.h>

int main(int argc, char** argv)
{
  (void)argv;
#ifndef pread
  return ((int*)(&pread))[argc];
#else
  (void)argc;
  return 0;
#endif
}
Determining if the sbrk exist passed with the following output:
Change Dir: /home/amine/build/bolt-fresh/CMakeFiles/CMakeTmp

Run Build Command(s):/usr/bin/ninja cmTC_2024b && [1/2] Building C object CMakeFiles/cmTC_2024b.dir/CheckSymbolExists.c.o
[2/2] Linking C executable cmTC_2024b


File /home/amine/build/bolt-fresh/CMakeFiles/CMakeTmp/CheckSymbolExists.c:
/* */
#include <unistd.h>

int main(int argc, char** argv)
{
  (void)argv;
#ifndef sbrk
  return ((int*)(&sbrk))[argc];
#else
  (void)argc;
  return 0;
#endif
}
Determining if the strerror_r exist passed with the following output:
Change Dir: /home/amine/build/bolt-fresh/CMakeFiles/CMakeTmp

Run Build Command(s):/usr/bin/ninja cmTC_bb0d3 && [1/2] Building C object CMakeFiles/cmTC_bb0d3.dir/CheckSymbolExists.c.o
[2/2] Linking C executable cmTC_bb0d3


File /home/amine/build/bolt-fresh/CMakeFiles/CMakeTmp/CheckSymbolExists.c:
/* */
#include <string.h>

int main(int argc, char** argv)
{
  (void)argv;
#ifndef strerror_r
  return ((int*)(&strerror_r))[argc];
#else
  (void)argc;
  return 0;
#endif
}
Determining if the setenv exist passed with the following output:
Change Dir: /home/amine/build/bolt-fresh/CMakeFiles/CMakeTmp

Run Build Command(s):/usr/bin/ninja cmTC_f9701 && [1/2] Building C object CMakeFiles/cmTC_f9701.dir/CheckSymbolExists.c.o
[2/2] Linking C executable cmTC_f9701


File /home/amine/build/bolt-fresh/CMakeFiles/CMakeTmp/CheckSymbolExists.c:
/* */
#include <stdlib.h>

int main(int argc, char** argv)
{
  (void)argv;
#ifndef setenv
  return ((int*)(&setenv))[argc];
#else
  (void)argc;
  return 0;
#endif
}
Performing C SOURCE FILE Test HAVE_STRUCT_STAT_ST_MTIM_TV_NSEC succeeded with the following output:
Change Dir: /home/amine/build/bolt-fresh/CMakeFiles/CMakeTmp

Run Build Command(s):/usr/bin/ninja cmTC_0e51f && [1/2] Building C object CMakeFiles/cmTC_0e51f.dir/src.c.o
[2/2] Linking C executable cmTC_0e51f


Source file was:

#include <sys/types.h>
#include <sys/stat.h>

int main()
{
  (void)sizeof(((struct stat *)0)->st_mtim.tv_nsec);
  return 0;
}

Determining if the __GLIBC__ exist passed with the following output:
Change Dir: /home/amine/build/bolt-fresh/CMakeFiles/CMakeTmp

Run Build Command(s):/usr/bin/ninja cmTC_ca18f && [1/2] Building C object CMakeFiles/cmTC_ca18f.dir/CheckSymbolExists.c.o
[2/2] Linking C executable cmTC_ca18f


File /home/amine/build/bolt-fresh/CMakeFiles/CMakeTmp/CheckSymbolExists.c:
/* */
#include <stdio.h>

int main(int argc, char** argv)
{
  (void)argv;
#ifndef __GLIBC__
  return ((int*)(&__GLIBC__))[argc];
#else
  (void)argc;
  return 0;
#endif
}
Determining if the pthread_getname_np exist passed with the following output:
Change Dir: /home/amine/build/bolt-fresh/CMakeFiles/CMakeTmp

Run Build Command(s):/usr/bin/ninja cmTC_f7702 && [1/2] Building C object CMakeFiles/cmTC_f7702.dir/CheckSymbolExists.c.o
[2/2] Linking C executable cmTC_f7702


File /home/amine/build/bolt-fresh/CMakeFiles/CMakeTmp/CheckSymbolExists.c:
/* */
#include <pthread.h>

int main(int argc, char** argv)
{
  (void)argv;
#ifndef pthread_getname_np
  return ((int*)(&pthread_getname_np))[argc];
#else
  (void)argc;
  return 0;
#endif
}
Determining if the pthread_setname_np exist passed with the following output:
Change Dir: /home/amine/build/bolt-fresh/CMakeFiles/CMakeTmp

Run Build Command(s):/usr/bin/ninja cmTC_88ff3 && [1/2] Building C object CMakeFiles/cmTC_88ff3.dir/CheckSymbolExists.c.o
[2/2] Linking C executable cmTC_88ff3


File /home/amine/build/bolt-fresh/CMakeFiles/CMakeTmp/CheckSymbolExists.c:
/* */
#include <pthread.h>

int main(int argc, char** argv)
{
  (void)argv;
#ifndef pthread_setname_np
  return ((int*)(&pthread_setname_np))[argc];
#else
  (void)argc;
  return 0;
#endif
}
Determining if the dlopen exist passed with the following output:
Change Dir: /home/amine/build/bolt-fresh/CMakeFiles/CMakeTmp

Run Build Command(s):/usr/bin/ninja cmTC_4d11f && [1/2] Building C object CMakeFiles/cmTC_4d11f.dir/CheckSymbolExists.c.o
[2/2] Linking C executable cmTC_4d11f


File /home/amine/build/bolt-fresh/CMakeFiles/CMakeTmp/CheckSymbolExists.c:
/* */
#include <dlfcn.h>

int main(int argc, char** argv)
{
  (void)argv;
#ifndef dlopen
  return ((int*)(&dlopen))[argc];
#else
  (void)argc;
  return 0;
#endif
}
Determining if the dladdr exist passed with the following output:
Change Dir: /home/amine/build/bolt-fresh/CMakeFiles/CMakeTmp

Run Build Command(s):/usr/bin/ninja cmTC_972c3 && [1/2] Building C object CMakeFiles/cmTC_972c3.dir/CheckSymbolExists.c.o
[2/2] Linking C executable cmTC_972c3


File /home/amine/build/bolt-fresh/CMakeFiles/CMakeTmp/CheckSymbolExists.c:
/* */
#include <dlfcn.h>

int main(int argc, char** argv)
{
  (void)argv;
#ifndef dladdr
  return ((int*)(&dladdr))[argc];
#else
  (void)argc;
  return 0;
#endif
}
Performing C++ SOURCE FILE Test HAVE_CXX_ATOMICS_WITHOUT_LIB succeeded with the following output:
Change Dir: /home/amine/build/bolt-fresh/CMakeFiles/CMakeTmp

Run Build Command(s):/usr/bin/ninja cmTC_13fd8 && [1/2] Building CXX object CMakeFiles/cmTC_13fd8.dir/src.cxx.o
[2/2] Linking CXX executable cmTC_13fd8


Source file was:

#include <atomic>
std::atomic<int> x;
std::atomic<short> y;
std::atomic<char> z;
int main() {
  ++z;
  ++y;
  return ++x;
}

Performing C++ SOURCE FILE Test HAVE_CXX_ATOMICS64_WITHOUT_LIB succeeded with the following output:
Change Dir: /home/amine/build/bolt-fresh/CMakeFiles/CMakeTmp

Run Build Command(s):/usr/bin/ninja cmTC_b089a && [1/2] Building CXX object CMakeFiles/cmTC_b089a.dir/src.cxx.o
[2/2] Linking CXX executable cmTC_b089a


Source file was:

#include <atomic>
#include <cstdint>
std::atomic<uint64_t> x (0);
int main() {
  uint64_t i = x.load(std::memory_order_relaxed);
  (void)i;
  return 0;
}

Performing C++ SOURCE FILE Test LLVM_HAS_ATOMICS succeeded with the following output:
Change Dir: /home/amine/build/bolt-fresh/CMakeFiles/CMakeTmp

Run Build Command(s):/usr/bin/ninja cmTC_b8ad0 && [1/2] Building CXX object CMakeFiles/cmTC_b8ad0.dir/src.cxx.o
[2/2] Linking CXX executable cmTC_b8ad0


Source file was:

#ifdef _MSC_VER
#include <windows.h>
#endif
int main() {
#ifdef _MSC_VER
        volatile LONG val = 1;
        MemoryBarrier();
        InterlockedCompareExchange(&val, 0, 1);
        InterlockedIncrement(&val);
        InterlockedDecrement(&val);
#else
        volatile unsigned long val = 1;
        __sync_synchronize();
        __sync_val_compare_and_swap(&val, 1, 0);
        __sync_add_and_fetch(&val, 1);
        __sync_sub_and_fetch(&val, 1);
#endif
        return 0;
      }

Performing C SOURCE FILE Test C_SUPPORTS_FPIC succeeded with the following output:
Change Dir: /home/amine/build/bolt-fresh/CMakeFiles/CMakeTmp

Run Build Command(s):/usr/bin/ninja cmTC_be270 && [1/2] Building C object CMakeFiles/cmTC_be270.dir/src.c.o
[2/2] Linking C executable cmTC_be270


Source file was:
int main(void) { return 0; }
Performing C++ SOURCE FILE Test CXX_SUPPORTS_FPIC succeeded with the following output:
Change Dir: /home/amine/build/bolt-fresh/CMakeFiles/CMakeTmp

Run Build Command(s):/usr/bin/ninja cmTC_8bf3f && [1/2] Building CXX object CMakeFiles/cmTC_8bf3f.dir/src.cxx.o
[2/2] Linking CXX executable cmTC_8bf3f


Source file was:
int main() { return 0; }
Performing C SOURCE FILE Test C_SUPPORTS_FNO_SEMANTIC_INTERPOSITION succeeded with the following output:
Change Dir: /home/amine/build/bolt-fresh/CMakeFiles/CMakeTmp

Run Build Command(s):/usr/bin/ninja cmTC_841f9 && [1/2] Building C object CMakeFiles/cmTC_841f9.dir/src.c.o
[2/2] Linking C executable cmTC_841f9


Source file was:
int main(void) { return 0; }
Performing C++ SOURCE FILE Test CXX_SUPPORTS_FNO_SEMANTIC_INTERPOSITION succeeded with the following output:
Change Dir: /home/amine/build/bolt-fresh/CMakeFiles/CMakeTmp

Run Build Command(s):/usr/bin/ninja cmTC_cb4a4 && [1/2] Building CXX object CMakeFiles/cmTC_cb4a4.dir/src.cxx.o
[2/2] Linking CXX executable cmTC_cb4a4


Source file was:
int main() { return 0; }
Performing C++ SOURCE FILE Test SUPPORTS_FVISIBILITY_INLINES_HIDDEN_FLAG succeeded with the following output:
Change Dir: /home/amine/build/bolt-fresh/CMakeFiles/CMakeTmp

Run Build Command(s):/usr/bin/ninja cmTC_c5532 && [1/2] Building CXX object CMakeFiles/cmTC_c5532.dir/src.cxx.o
[2/2] Linking CXX executable cmTC_c5532


Source file was:
int main() { return 0; }
Performing C++ SOURCE FILE Test CXX_SUPPORTS_SUGGEST_OVERRIDE_FLAG succeeded with the following output:
Change Dir: /home/amine/build/bolt-fresh/CMakeFiles/CMakeTmp

Run Build Command(s):/usr/bin/ninja cmTC_f0d8a && [1/2] Building CXX object CMakeFiles/cmTC_f0d8a.dir/src.cxx.o
[2/2] Linking CXX executable cmTC_f0d8a


Source file was:
int main() { return 0; }
Performing C++ SOURCE FILE Test CXX_WSUGGEST_OVERRIDE_ALLOWS_ONLY_FINAL succeeded with the following output:
Change Dir: /home/amine/build/bolt-fresh/CMakeFiles/CMakeTmp

Run Build Command(s):/usr/bin/ninja cmTC_b0251 && [1/2] Building CXX object CMakeFiles/cmTC_b0251.dir/src.cxx.o
[2/2] Linking CXX executable cmTC_b0251


Source file was:
class base {public: virtual void anchor();};
                               class derived : base {public: void anchor() final;};
                               int main() { return 0; }
Performing C++ SOURCE FILE Test CXX_SUPPORTS_CTAD_MAYBE_UNSPPORTED_FLAG succeeded with the following output:
Change Dir: /home/amine/build/bolt-fresh/CMakeFiles/CMakeTmp

Run Build Command(s):/usr/bin/ninja cmTC_66883 && [1/2] Building CXX object CMakeFiles/cmTC_66883.dir/src.cxx.o
[2/2] Linking CXX executable cmTC_66883


Source file was:
int main() { return 0; }
Determining if the __x86_64__ exist passed with the following output:
Change Dir: /home/amine/build/bolt-fresh/CMakeFiles/CMakeTmp

Run Build Command(s):/usr/bin/ninja cmTC_f2b32 && [1/2] Building C object CMakeFiles/cmTC_f2b32.dir/CheckSymbolExists.c.o
[2/2] Linking C executable cmTC_f2b32


File /home/amine/build/bolt-fresh/CMakeFiles/CMakeTmp/CheckSymbolExists.c:
/* */

int main(int argc, char** argv)
{
  (void)argv;
#ifndef __x86_64__
  return ((int*)(&__x86_64__))[argc];
#else
  (void)argc;
  return 0;
#endif
}
Determining if the logf128 exist passed with the following output:
Change Dir: /home/amine/build/bolt-fresh/CMakeFiles/CMakeTmp

Run Build Command(s):/usr/bin/ninja cmTC_533b2 && [1/2] Building CXX object CMakeFiles/cmTC_533b2.dir/CheckSymbolExists.cxx.o
[2/2] Linking CXX executable cmTC_533b2


File /home/amine/build/bolt-fresh/CMakeFiles/CMakeTmp/CheckSymbolExists.cxx:
/* */
#include <math.h>

int main(int argc, char** argv)
{
  (void)argv;
#ifndef logf128
  return ((int*)(&logf128))[argc];
#else
  (void)argc;
  return 0;
#endif
}
Determining if files elf.h exist passed with the following output:
Change Dir: /home/amine/build/bolt-fresh/CMakeFiles/CMakeTmp

Run Build Command(s):/usr/bin/ninja cmTC_6430e && [1/2] Building C object CMakeFiles/cmTC_6430e.dir/HAVE_ELF_H.c.o
[2/2] Linking C executable cmTC_6430e



Determining if the function shm_open exists in the rt passed with the following output:
Change Dir: /home/amine/build/bolt-fresh/CMakeFiles/CMakeTmp

Run Build Command(s):/usr/bin/ninja cmTC_bedbc && [1/2] Building C object CMakeFiles/cmTC_bedbc.dir/CheckFunctionExists.c.o
[2/2] Linking C executable cmTC_bedbc



Performing C++ SOURCE FILE Test HAVE_CXX_FLAG_WALL succeeded with the following output:
Change Dir: /home/amine/build/bolt-fresh/CMakeFiles/CMakeTmp

Run Build Command(s):/usr/bin/ninja cmTC_196f4 && [1/2] Building CXX object CMakeFiles/cmTC_196f4.dir/src.cxx.o
[2/2] Linking CXX executable cmTC_196f4


Source file was:
int main() { return 0; }
Performing C++ SOURCE FILE Test HAVE_CXX_FLAG_WEXTRA succeeded with the following output:
Change Dir: /home/amine/build/bolt-fresh/CMakeFiles/CMakeTmp

Run Build Command(s):/usr/bin/ninja cmTC_c2c90 && [1/2] Building CXX object CMakeFiles/cmTC_c2c90.dir/src.cxx.o
[2/2] Linking CXX executable cmTC_c2c90


Source file was:
int main() { return 0; }
Performing C++ SOURCE FILE Test HAVE_CXX_FLAG_WSHADOW succeeded with the following output:
Change Dir: /home/amine/build/bolt-fresh/CMakeFiles/CMakeTmp

Run Build Command(s):/usr/bin/ninja cmTC_6f2de && [1/2] Building CXX object CMakeFiles/cmTC_6f2de.dir/src.cxx.o
[2/2] Linking CXX executable cmTC_6f2de


Source file was:
int main() { return 0; }
Performing C++ SOURCE FILE Test HAVE_CXX_FLAG_WFLOAT_EQUAL succeeded with the following output:
Change Dir: /home/amine/build/bolt-fresh/CMakeFiles/CMakeTmp

Run Build Command(s):/usr/bin/ninja cmTC_81321 && [1/2] Building CXX object CMakeFiles/cmTC_81321.dir/src.cxx.o
[2/2] Linking CXX executable cmTC_81321


Source file was:
int main() { return 0; }
Performing C++ SOURCE FILE Test HAVE_CXX_FLAG_WOLD_STYLE_CAST succeeded with the following output:
Change Dir: /home/amine/build/bolt-fresh/CMakeFiles/CMakeTmp

Run Build Command(s):/usr/bin/ninja cmTC_3bbd4 && [1/2] Building CXX object CMakeFiles/cmTC_3bbd4.dir/src.cxx.o
[2/2] Linking CXX executable cmTC_3bbd4


Source file was:
int main() { return 0; }
Performing C++ SOURCE FILE Test HAVE_CXX_FLAG_WSUGGEST_OVERRIDE succeeded with the following output:
Change Dir: /home/amine/build/bolt-fresh/CMakeFiles/CMakeTmp

Run Build Command(s):/usr/bin/ninja cmTC_18972 && [1/2] Building CXX object CMakeFiles/cmTC_18972.dir/src.cxx.o
[2/2] Linking CXX executable cmTC_18972


Source file was:
int main() { return 0; }
Performing C++ SOURCE FILE Test HAVE_CXX_FLAG_PEDANTIC succeeded with the following output:
Change Dir: /home/amine/build/bolt-fresh/CMakeFiles/CMakeTmp

Run Build Command(s):/usr/bin/ninja cmTC_dc0f9 && [1/2] Building CXX object CMakeFiles/cmTC_dc0f9.dir/src.cxx.o
[2/2] Linking CXX executable cmTC_dc0f9


Source file was:
int main() { return 0; }
Performing C++ SOURCE FILE Test HAVE_CXX_FLAG_PEDANTIC_ERRORS succeeded with the following output:
Change Dir: /home/amine/build/bolt-fresh/CMakeFiles/CMakeTmp

Run Build Command(s):/usr/bin/ninja cmTC_d891e && [1/2] Building CXX object CMakeFiles/cmTC_d891e.dir/src.cxx.o
[2/2] Linking CXX executable cmTC_d891e


Source file was:
int main() { return 0; }
Performing C++ SOURCE FILE Test HAVE_CXX_FLAG_FSTRICT_ALIASING succeeded with the following output:
Change Dir: /home/amine/build/bolt-fresh/CMakeFiles/CMakeTmp

Run Build Command(s):/usr/bin/ninja cmTC_db1ec && [1/2] Building CXX object CMakeFiles/cmTC_db1ec.dir/src.cxx.o
[2/2] Linking CXX executable cmTC_db1ec


Source file was:
int main() { return 0; }
Performing C++ SOURCE FILE Test HAVE_CXX_FLAG_WNO_DEPRECATED_DECLARATIONS succeeded with the following output:
Change Dir: /home/amine/build/bolt-fresh/CMakeFiles/CMakeTmp

Run Build Command(s):/usr/bin/ninja cmTC_3c57c && [1/2] Building CXX object CMakeFiles/cmTC_3c57c.dir/src.cxx.o
[2/2] Linking CXX executable cmTC_3c57c


Source file was:
int main() { return 0; }
Performing C++ SOURCE FILE Test HAVE_CXX_FLAG_FNO_EXCEPTIONS succeeded with the following output:
Change Dir: /home/amine/build/bolt-fresh/CMakeFiles/CMakeTmp

Run Build Command(s):/usr/bin/ninja cmTC_15eac && [1/2] Building CXX object CMakeFiles/cmTC_15eac.dir/src.cxx.o
[2/2] Linking CXX executable cmTC_15eac


Source file was:
int main() { return 0; }
Performing C++ SOURCE FILE Test HAVE_CXX_FLAG_WSTRICT_ALIASING succeeded with the following output:
Change Dir: /home/amine/build/bolt-fresh/CMakeFiles/CMakeTmp

Run Build Command(s):/usr/bin/ninja cmTC_91fb5 && [1/2] Building CXX object CMakeFiles/cmTC_91fb5.dir/src.cxx.o
[2/2] Linking CXX executable cmTC_91fb5


Source file was:
int main() { return 0; }
Performing C++ SOURCE FILE Test HAVE_CXX_FLAG_COVERAGE succeeded with the following output:
Change Dir: /home/amine/build/bolt-fresh/CMakeFiles/CMakeTmp

Run Build Command(s):/usr/bin/ninja cmTC_4e0ef && [1/2] Building CXX object CMakeFiles/cmTC_4e0ef.dir/src.cxx.o
[2/2] Linking CXX executable cmTC_4e0ef


Source file was:
int main() { return 0; }
